Address is 0(0x0),default value is 403838736(0x18121710) .
Address is 1(0x1),default value is 352322065(0x15000211) .
Address is 2(0x2),default value is 69634(0x11002) .
Address is 3(0x3),default value is 3121(0xC31) .
Address is 4(0x4),default value is 0(0x0) .
Address is 5(0x5),default value is 0(0x0) .
Address is 6(0x6),default value is 20736(0x5100) .
Address is 7(0x7),default value is 408376888(0x18575638) .
Address is 8(0x8),default value is 0(0x0) .
Address is 9(0x9),default value is 50(0x32) .
Address is 10(0xA),default value is 0(0x0) .
Address is 11(0xB),default value is 0(0x0) .
Address is 12(0xC),default value is 0(0x0) .
Address is 13(0xD),default value is 0(0x0) .
Address is 14(0xE),default value is 0(0x0) .
Address is 15(0xF),default value is 0(0x0) .
Address is 16(0x10),default value is 0(0x0) .
Address is 17(0x11),default value is 0(0x0) .
Address is 18(0x12),default value is 4605510(0x464646) .
Address is 19(0x13),default value is 5263440(0x505050) .
Address is 20(0x14),default value is 0(0x0) .
Address is 21(0x15),default value is 0(0x0) .
Address is 22(0x16),default value is 0(0x0) .
Address is 23(0x17),default value is 0(0x0) .
Address is 24(0x18),default value is 0(0x0) .
Address is 25(0x19),default value is 0(0x0) .
Address is 26(0x1A),default value is 0(0x0) .
Address is 27(0x1B),default value is 0(0x0) .
Address is 28(0x1C),default value is 4016051200(0xEF601400) .
Address is 29(0x1D),default value is 0(0x0) .
Address is 30(0x1E),default value is 2147483648(0x80000000) .
Address is 31(0x1F),default value is 3(0x3) .
Address is 32(0x20),default value is 0(0x0) .
Address is 33(0x21),default value is 0(0x0) .
Address is 34(0x22),default value is 0(0x0) .
Address is 35(0x23),default value is 0(0x0) .
Address is 36(0x24),default value is 0(0x0) .
Address is 37(0x25),default value is 0(0x0) .
Address is 38(0x26),default value is 0(0x0) .
Address is 39(0x27),default value is 0(0x0) .
Address is 40(0x28),default value is 0(0x0) .
Address is 41(0x29),default value is 0(0x0) .
Address is 42(0x2A),default value is 0(0x0) .
Address is 43(0x2B),default value is 0(0x0) .
Address is 44(0x2C),default value is 0(0x0) .
Address is 45(0x2D),default value is 0(0x0) .
Address is 46(0x2E),default value is 0(0x0) .
Address is 47(0x2F),default value is 0(0x0) .
Address is 48(0x30),default value is 0(0x0) .
Address is 49(0x31),default value is 0(0x0) .
Address is 50(0x32),default value is 0(0x0) .
Address is 51(0x33),default value is 0(0x0) .
Address is 52(0x34),default value is 0(0x0) .
Address is 53(0x35),default value is 0(0x0) .
Address is 54(0x36),default value is 0(0x0) .
Address is 55(0x37),default value is 0(0x0) .
Address is 56(0x38),default value is 0(0x0) .
Address is 57(0x39),default value is 0(0x0) .
Address is 58(0x3A),default value is 0(0x0) .
Address is 59(0x3B),default value is 0(0x0) .
Address is 60(0x3C),default value is 0(0x0) .
Address is 61(0x3D),default value is 0(0x0) .
Address is 62(0x3E),default value is 0(0x0) .
Address is 63(0x3F),default value is 0(0x0) .
Address is 64(0x40),default value is 0(0x0) .
Address is 65(0x41),default value is 0(0x0) .
Address is 66(0x42),default value is 0(0x0) .
Address is 67(0x43),default value is 0(0x0) .
Address is 68(0x44),default value is 0(0x0) .
Address is 69(0x45),default value is 0(0x0) .
Address is 70(0x46),default value is 0(0x0) .
Address is 71(0x47),default value is 0(0x0) .
Address is 72(0x48),default value is 0(0x0) .
Address is 73(0x49),default value is 50(0x32) .
Address is 74(0x4A),default value is 0(0x0) .
Address is 75(0x4B),default value is 0(0x0) .
Address is 76(0x4C),default value is 0(0x0) .
Address is 77(0x4D),default value is 0(0x0) .
Address is 78(0x4E),default value is 0(0x0) .
Address is 79(0x4F),default value is 0(0x0) .
Address is 80(0x50),default value is 0(0x0) .
Address is 81(0x51),default value is 0(0x0) .
Address is 82(0x52),default value is 4605510(0x464646) .
Address is 83(0x53),default value is 5263440(0x505050) .
Address is 84(0x54),default value is 0(0x0) .
Address is 85(0x55),default value is 0(0x0) .
Address is 86(0x56),default value is 0(0x0) .
Address is 87(0x57),default value is 0(0x0) .
Address is 88(0x58),default value is 0(0x0) .
Address is 89(0x59),default value is 0(0x0) .
Address is 90(0x5A),default value is 0(0x0) .
Address is 91(0x5B),default value is 0(0x0) .
Address is 92(0x5C),default value is 0(0x0) .
Address is 93(0x5D),default value is 0(0x0) .
Address is 94(0x5E),default value is 0(0x0) .
Address is 95(0x5F),default value is 0(0x0) .
Address is 96(0x60),default value is 0(0x0) .
Address is 97(0x61),default value is 0(0x0) .
Address is 98(0x62),default value is 0(0x0) .
Address is 99(0x63),default value is 0(0x0) .
Address is 100(0x64),default value is 0(0x0) .
Address is 101(0x65),default value is 0(0x0) .
Address is 102(0x66),default value is 0(0x0) .
Address is 103(0x67),default value is 0(0x0) .
Address is 104(0x68),default value is 0(0x0) .
Address is 105(0x69),default value is 0(0x0) .
Address is 106(0x6A),default value is 0(0x0) .
Address is 107(0x6B),default value is 0(0x0) .
Address is 108(0x6C),default value is 0(0x0) .
Address is 109(0x6D),default value is 0(0x0) .
Address is 110(0x6E),default value is 0(0x0) .
Address is 111(0x6F),default value is 0(0x0) .
Address is 112(0x70),default value is 0(0x0) .
Address is 113(0x71),default value is 0(0x0) .
Address is 114(0x72),default value is 0(0x0) .
Address is 115(0x73),default value is 0(0x0) .
Address is 116(0x74),default value is 0(0x0) .
Address is 117(0x75),default value is 0(0x0) .
Address is 118(0x76),default value is 0(0x0) .
Address is 119(0x77),default value is 0(0x0) .
Address is 120(0x78),default value is 0(0x0) .
Address is 121(0x79),default value is 0(0x0) .
Address is 122(0x7A),default value is 0(0x0) .
Address is 123(0x7B),default value is 0(0x0) .
Address is 124(0x7C),default value is 0(0x0) .
Address is 125(0x7D),default value is 0(0x0) .
Address is 126(0x7E),default value is 0(0x0) .
Address is 127(0x7F),default value is 0(0x0) .
Address is 128(0x80),default value is 0(0x0) .
Address is 129(0x81),default value is 0(0x0) .
Address is 130(0x82),default value is 0(0x0) .
Address is 131(0x83),default value is 0(0x0) .
Address is 132(0x84),default value is 0(0x0) .
Address is 133(0x85),default value is 0(0x0) .
Address is 134(0x86),default value is 0(0x0) .
Address is 135(0x87),default value is 0(0x0) .
Address is 136(0x88),default value is 54985736(0x3470408) .
Address is 137(0x89),default value is 2282094655(0x8806003F) .
Address is 138(0x8A),default value is 54985736(0x3470408) .
Address is 139(0x8B),default value is 2282094655(0x8806003F) .
Address is 140(0x8C),default value is 54985736(0x3470408) .
Address is 141(0x8D),default value is 2282094655(0x8806003F) .
Address is 142(0x8E),default value is 54985736(0x3470408) .
Address is 143(0x8F),default value is 2282094655(0x8806003F) .
Address is 144(0x90),default value is 54985736(0x3470408) .
Address is 145(0x91),default value is 2282094655(0x8806003F) .
Address is 146(0x92),default value is 54985736(0x3470408) .
Address is 147(0x93),default value is 2282094655(0x8806003F) .
Address is 148(0x94),default value is 54985736(0x3470408) .
Address is 149(0x95),default value is 2282094655(0x8806003F) .
Address is 150(0x96),default value is 54985736(0x3470408) .
Address is 151(0x97),default value is 2282094655(0x8806003F) .
Address is 152(0x98),default value is 54985736(0x3470408) .
Address is 153(0x99),default value is 2282094655(0x8806003F) .
Address is 154(0x9A),default value is 54985736(0x3470408) .
Address is 155(0x9B),default value is 2282094655(0x8806003F) .
Address is 156(0x9C),default value is 54985736(0x3470408) .
Address is 157(0x9D),default value is 2282094655(0x8806003F) .
Address is 158(0x9E),default value is 54985736(0x3470408) .
Address is 159(0x9F),default value is 2282094655(0x8806003F) .
Address is 160(0xA0),default value is 54985736(0x3470408) .
Address is 161(0xA1),default value is 2282094655(0x8806003F) .
Address is 162(0xA2),default value is 54985736(0x3470408) .
Address is 163(0xA3),default value is 2282094655(0x8806003F) .
Address is 164(0xA4),default value is 54985736(0x3470408) .
Address is 165(0xA5),default value is 2282094655(0x8806003F) .
Address is 166(0xA6),default value is 54985736(0x3470408) .
Address is 167(0xA7),default value is 2282094655(0x8806003F) .
Address is 168(0xA8),default value is 54985736(0x3470408) .
Address is 169(0xA9),default value is 2282094655(0x8806003F) .
Address is 170(0xAA),default value is 54985736(0x3470408) .
Address is 171(0xAB),default value is 2282094655(0x8806003F) .
Address is 192(0xC0),default value is 3888(0xF30) .
Address is 193(0xC1),default value is 3145729(0x300001) .
Address is 194(0xC2),default value is 2048(0x800) .
Address is 195(0xC3),default value is 986912(0xF0F20) .
Address is 196(0xC4),default value is 133698048(0x7F81200) .
Address is 197(0xC5),default value is 1573125(0x180105) .
Address is 198(0xC6),default value is 9(0x9) .
Address is 199(0xC7),default value is 15741031(0xF03067) .
Address is 200(0xC8),default value is 104621080(0x63C6418) .
Address is 201(0xC9),default value is 269582464(0x10118080) .
Address is 202(0xCA),default value is 1048582(0x100006) .
Address is 203(0xCB),default value is 61(0x3D) .
Address is 204(0xCC),default value is 0(0x0) .
Address is 205(0xCD),default value is 0(0x0) .
Address is 206(0xCE),default value is 0(0x0) .
Address is 207(0xCF),default value is 0(0x0) .
Address is 240(0xF0),default value is 117440612(0x7000064) .
Address is 241(0xF1),default value is 335484928(0x13FF1800) .
Address is 242(0xF2),default value is 16976128(0x1030900) .
Address is 243(0xF3),default value is 17107200(0x1050900) .
Address is 244(0xF4),default value is 1751134513(0x68603131) .
Address is 245(0xF5),default value is 305419896(0x12345678) .
Address is 246(0xF6),default value is 2596069104(0x9ABCDEF0) .
Address is 247(0xF7),default value is 305419896(0x12345678) .
Address is 248(0xF8),default value is 398216(0x61388) .
Address is 249(0xF9),default value is 1028(0x404) .
Address is 250(0xFA),default value is 68095776(0x40F0F20) .
Address is 251(0xFB),default value is 2952816640(0xB0006800) .
Address is 252(0xFC),default value is 0(0x0) .
Address is 253(0xFD),default value is 0(0x0) .
Address is 254(0xFE),default value is 0(0x0) .
Address is 255(0xFF),default value is 0(0x0) .
Address is 260(0x104),default value is 0(0x0) .
Address is 261(0x105),default value is 0(0x0) .
Address is 262(0x106),default value is 0(0x0) .
Address is 263(0x107),default value is 196628(0x30014) .
Address is 268(0x10C),default value is 0(0x0) .
Address is 269(0x10D),default value is 0(0x0) .
Address is 270(0x10E),default value is 0(0x0) .
Address is 271(0x10F),default value is 196628(0x30014) .
Address is 276(0x114),default value is 0(0x0) .
Address is 277(0x115),default value is 0(0x0) .
Address is 278(0x116),default value is 0(0x0) .
Address is 279(0x117),default value is 196628(0x30014) .
Address is 284(0x11C),default value is 0(0x0) .
Address is 285(0x11D),default value is 0(0x0) .
Address is 286(0x11E),default value is 0(0x0) .
Address is 287(0x11F),default value is 196628(0x30014) .
Address is 292(0x124),default value is 0(0x0) .
Address is 293(0x125),default value is 0(0x0) .
Address is 294(0x126),default value is 0(0x0) .
Address is 295(0x127),default value is 196628(0x30014) .
Address is 300(0x12C),default value is 0(0x0) .
Address is 301(0x12D),default value is 0(0x0) .
Address is 302(0x12E),default value is 0(0x0) .
Address is 303(0x12F),default value is 196628(0x30014) .
Address is 308(0x134),default value is 0(0x0) .
Address is 309(0x135),default value is 0(0x0) .
Address is 310(0x136),default value is 0(0x0) .
Address is 311(0x137),default value is 196628(0x30014) .
Address is 316(0x13C),default value is 0(0x0) .
Address is 317(0x13D),default value is 0(0x0) .
Address is 318(0x13E),default value is 0(0x0) .
Address is 319(0x13F),default value is 196628(0x30014) .
Address is 324(0x144),default value is 0(0x0) .
Address is 325(0x145),default value is 0(0x0) .
Address is 326(0x146),default value is 0(0x0) .
Address is 327(0x147),default value is 196628(0x30014) .
Address is 332(0x14C),default value is 0(0x0) .
Address is 333(0x14D),default value is 0(0x0) .
Address is 334(0x14E),default value is 0(0x0) .
Address is 335(0x14F),default value is 196628(0x30014) .
Address is 340(0x154),default value is 0(0x0) .
Address is 341(0x155),default value is 0(0x0) .
Address is 342(0x156),default value is 0(0x0) .
Address is 343(0x157),default value is 196628(0x30014) .
Address is 348(0x15C),default value is 0(0x0) .
Address is 349(0x15D),default value is 0(0x0) .
Address is 350(0x15E),default value is 0(0x0) .
Address is 351(0x15F),default value is 196628(0x30014) .
Address is 356(0x164),default value is 0(0x0) .
Address is 357(0x165),default value is 0(0x0) .
Address is 358(0x166),default value is 0(0x0) .
Address is 359(0x167),default value is 196628(0x30014) .
Address is 364(0x16C),default value is 0(0x0) .
Address is 365(0x16D),default value is 0(0x0) .
Address is 366(0x16E),default value is 0(0x0) .
Address is 367(0x16F),default value is 196628(0x30014) .
Address is 372(0x174),default value is 0(0x0) .
Address is 373(0x175),default value is 0(0x0) .
Address is 374(0x176),default value is 0(0x0) .
Address is 375(0x177),default value is 196628(0x30014) .
Address is 380(0x17C),default value is 0(0x0) .
Address is 381(0x17D),default value is 0(0x0) .
Address is 382(0x17E),default value is 0(0x0) .
Address is 383(0x17F),default value is 196628(0x30014) .
Address is 388(0x184),default value is 0(0x0) .
Address is 389(0x185),default value is 0(0x0) .
Address is 390(0x186),default value is 0(0x0) .
Address is 391(0x187),default value is 196628(0x30014) .
Address is 396(0x18C),default value is 0(0x0) .
Address is 397(0x18D),default value is 0(0x0) .
Address is 398(0x18E),default value is 0(0x0) .
Address is 399(0x18F),default value is 196628(0x30014) .
Address is 404(0x194),default value is 0(0x0) .
Address is 405(0x195),default value is 0(0x0) .
Address is 406(0x196),default value is 0(0x0) .
Address is 407(0x197),default value is 196628(0x30014) .
Address is 412(0x19C),default value is 0(0x0) .
Address is 413(0x19D),default value is 0(0x0) .
Address is 414(0x19E),default value is 0(0x0) .
Address is 415(0x19F),default value is 196628(0x30014) .
Address is 420(0x1A4),default value is 0(0x0) .
Address is 421(0x1A5),default value is 0(0x0) .
Address is 422(0x1A6),default value is 0(0x0) .
Address is 423(0x1A7),default value is 196628(0x30014) .
Address is 428(0x1AC),default value is 0(0x0) .
Address is 429(0x1AD),default value is 0(0x0) .
Address is 430(0x1AE),default value is 0(0x0) .
Address is 431(0x1AF),default value is 196628(0x30014) .
Address is 436(0x1B4),default value is 0(0x0) .
Address is 437(0x1B5),default value is 0(0x0) .
Address is 438(0x1B6),default value is 0(0x0) .
Address is 439(0x1B7),default value is 196628(0x30014) .
Address is 444(0x1BC),default value is 0(0x0) .
Address is 445(0x1BD),default value is 0(0x0) .
Address is 446(0x1BE),default value is 0(0x0) .
Address is 447(0x1BF),default value is 196628(0x30014) .
Address is 452(0x1C4),default value is 0(0x0) .
Address is 453(0x1C5),default value is 0(0x0) .
Address is 454(0x1C6),default value is 0(0x0) .
Address is 455(0x1C7),default value is 196628(0x30014) .
Address is 460(0x1CC),default value is 0(0x0) .
Address is 461(0x1CD),default value is 0(0x0) .
Address is 462(0x1CE),default value is 0(0x0) .
Address is 463(0x1CF),default value is 196628(0x30014) .
Address is 468(0x1D4),default value is 0(0x0) .
Address is 469(0x1D5),default value is 0(0x0) .
Address is 470(0x1D6),default value is 0(0x0) .
Address is 471(0x1D7),default value is 196628(0x30014) .
Address is 476(0x1DC),default value is 0(0x0) .
Address is 477(0x1DD),default value is 0(0x0) .
Address is 478(0x1DE),default value is 0(0x0) .
Address is 479(0x1DF),default value is 196628(0x30014) .
Address is 484(0x1E4),default value is 0(0x0) .
Address is 485(0x1E5),default value is 0(0x0) .
Address is 486(0x1E6),default value is 0(0x0) .
Address is 487(0x1E7),default value is 196628(0x30014) .
Address is 492(0x1EC),default value is 0(0x0) .
Address is 493(0x1ED),default value is 0(0x0) .
Address is 494(0x1EE),default value is 0(0x0) .
Address is 495(0x1EF),default value is 196628(0x30014) .
Address is 500(0x1F4),default value is 0(0x0) .
Address is 501(0x1F5),default value is 0(0x0) .
Address is 502(0x1F6),default value is 0(0x0) .
Address is 503(0x1F7),default value is 196628(0x30014) .
Address is 508(0x1FC),default value is 0(0x0) .
Address is 509(0x1FD),default value is 0(0x0) .
Address is 510(0x1FE),default value is 0(0x0) .
Address is 511(0x1FF),default value is 196628(0x30014) .
Address is 516(0x204),default value is 0(0x0) .
Address is 517(0x205),default value is 0(0x0) .
Address is 518(0x206),default value is 0(0x0) .
Address is 519(0x207),default value is 196628(0x30014) .
Address is 524(0x20C),default value is 0(0x0) .
Address is 525(0x20D),default value is 0(0x0) .
Address is 526(0x20E),default value is 0(0x0) .
Address is 527(0x20F),default value is 196628(0x30014) .
Address is 532(0x214),default value is 0(0x0) .
Address is 533(0x215),default value is 0(0x0) .
Address is 534(0x216),default value is 0(0x0) .
Address is 535(0x217),default value is 196628(0x30014) .
Address is 540(0x21C),default value is 0(0x0) .
Address is 541(0x21D),default value is 0(0x0) .
Address is 542(0x21E),default value is 0(0x0) .
Address is 543(0x21F),default value is 196628(0x30014) .
Address is 548(0x224),default value is 0(0x0) .
Address is 549(0x225),default value is 0(0x0) .
Address is 550(0x226),default value is 0(0x0) .
Address is 551(0x227),default value is 196628(0x30014) .
Address is 556(0x22C),default value is 0(0x0) .
Address is 557(0x22D),default value is 0(0x0) .
Address is 558(0x22E),default value is 0(0x0) .
Address is 559(0x22F),default value is 196628(0x30014) .
Address is 564(0x234),default value is 0(0x0) .
Address is 565(0x235),default value is 0(0x0) .
Address is 566(0x236),default value is 0(0x0) .
Address is 567(0x237),default value is 196628(0x30014) .
Address is 572(0x23C),default value is 0(0x0) .
Address is 573(0x23D),default value is 0(0x0) .
Address is 574(0x23E),default value is 0(0x0) .
Address is 575(0x23F),default value is 196628(0x30014) .
Address is 580(0x244),default value is 0(0x0) .
Address is 581(0x245),default value is 0(0x0) .
Address is 582(0x246),default value is 0(0x0) .
Address is 583(0x247),default value is 196628(0x30014) .
Address is 588(0x24C),default value is 0(0x0) .
Address is 589(0x24D),default value is 0(0x0) .
Address is 590(0x24E),default value is 0(0x0) .
Address is 591(0x24F),default value is 196628(0x30014) .
Address is 596(0x254),default value is 0(0x0) .
Address is 597(0x255),default value is 0(0x0) .
Address is 598(0x256),default value is 0(0x0) .
Address is 599(0x257),default value is 196628(0x30014) .
Address is 604(0x25C),default value is 0(0x0) .
Address is 605(0x25D),default value is 0(0x0) .
Address is 606(0x25E),default value is 0(0x0) .
Address is 607(0x25F),default value is 196628(0x30014) .
Address is 612(0x264),default value is 0(0x0) .
Address is 613(0x265),default value is 0(0x0) .
Address is 614(0x266),default value is 0(0x0) .
Address is 615(0x267),default value is 196628(0x30014) .
Address is 620(0x26C),default value is 0(0x0) .
Address is 621(0x26D),default value is 0(0x0) .
Address is 622(0x26E),default value is 0(0x0) .
Address is 623(0x26F),default value is 196628(0x30014) .
Address is 628(0x274),default value is 0(0x0) .
Address is 629(0x275),default value is 0(0x0) .
Address is 630(0x276),default value is 0(0x0) .
Address is 631(0x277),default value is 196628(0x30014) .
Address is 636(0x27C),default value is 0(0x0) .
Address is 637(0x27D),default value is 0(0x0) .
Address is 638(0x27E),default value is 0(0x0) .
Address is 639(0x27F),default value is 196628(0x30014) .
Address is 644(0x284),default value is 0(0x0) .
Address is 645(0x285),default value is 0(0x0) .
Address is 646(0x286),default value is 0(0x0) .
Address is 647(0x287),default value is 196628(0x30014) .
Address is 652(0x28C),default value is 0(0x0) .
Address is 653(0x28D),default value is 0(0x0) .
Address is 654(0x28E),default value is 0(0x0) .
Address is 655(0x28F),default value is 196628(0x30014) .
Address is 660(0x294),default value is 0(0x0) .
Address is 661(0x295),default value is 0(0x0) .
Address is 662(0x296),default value is 0(0x0) .
Address is 663(0x297),default value is 196628(0x30014) .
Address is 668(0x29C),default value is 0(0x0) .
Address is 669(0x29D),default value is 0(0x0) .
Address is 670(0x29E),default value is 0(0x0) .
Address is 671(0x29F),default value is 196628(0x30014) .
Address is 676(0x2A4),default value is 0(0x0) .
Address is 677(0x2A5),default value is 0(0x0) .
Address is 678(0x2A6),default value is 0(0x0) .
Address is 679(0x2A7),default value is 196628(0x30014) .
Address is 684(0x2AC),default value is 0(0x0) .
Address is 685(0x2AD),default value is 0(0x0) .
Address is 686(0x2AE),default value is 0(0x0) .
Address is 687(0x2AF),default value is 196628(0x30014) .
Address is 692(0x2B4),default value is 0(0x0) .
Address is 693(0x2B5),default value is 0(0x0) .
Address is 694(0x2B6),default value is 0(0x0) .
Address is 695(0x2B7),default value is 196628(0x30014) .
Address is 700(0x2BC),default value is 0(0x0) .
Address is 701(0x2BD),default value is 0(0x0) .
Address is 702(0x2BE),default value is 0(0x0) .
Address is 703(0x2BF),default value is 196628(0x30014) .
Address is 708(0x2C4),default value is 0(0x0) .
Address is 709(0x2C5),default value is 0(0x0) .
Address is 710(0x2C6),default value is 0(0x0) .
Address is 711(0x2C7),default value is 196628(0x30014) .
Address is 716(0x2CC),default value is 0(0x0) .
Address is 717(0x2CD),default value is 0(0x0) .
Address is 718(0x2CE),default value is 0(0x0) .
Address is 719(0x2CF),default value is 196628(0x30014) .
Address is 724(0x2D4),default value is 0(0x0) .
Address is 725(0x2D5),default value is 0(0x0) .
Address is 726(0x2D6),default value is 0(0x0) .
Address is 727(0x2D7),default value is 196628(0x30014) .
Address is 732(0x2DC),default value is 0(0x0) .
Address is 733(0x2DD),default value is 0(0x0) .
Address is 734(0x2DE),default value is 0(0x0) .
Address is 735(0x2DF),default value is 196628(0x30014) .
Address is 740(0x2E4),default value is 0(0x0) .
Address is 741(0x2E5),default value is 0(0x0) .
Address is 742(0x2E6),default value is 0(0x0) .
Address is 743(0x2E7),default value is 196628(0x30014) .
Address is 748(0x2EC),default value is 0(0x0) .
Address is 749(0x2ED),default value is 0(0x0) .
Address is 750(0x2EE),default value is 0(0x0) .
Address is 751(0x2EF),default value is 196628(0x30014) .
Address is 756(0x2F4),default value is 0(0x0) .
Address is 757(0x2F5),default value is 0(0x0) .
Address is 758(0x2F6),default value is 0(0x0) .
Address is 759(0x2F7),default value is 196628(0x30014) .
Address is 764(0x2FC),default value is 0(0x0) .
Address is 765(0x2FD),default value is 0(0x0) .
Address is 766(0x2FE),default value is 0(0x0) .
Address is 767(0x2FF),default value is 196628(0x30014) .
Address is 772(0x304),default value is 0(0x0) .
Address is 773(0x305),default value is 0(0x0) .
Address is 774(0x306),default value is 0(0x0) .
Address is 775(0x307),default value is 196628(0x30014) .
Address is 780(0x30C),default value is 0(0x0) .
Address is 781(0x30D),default value is 0(0x0) .
Address is 782(0x30E),default value is 0(0x0) .
Address is 783(0x30F),default value is 196628(0x30014) .
Address is 788(0x314),default value is 0(0x0) .
Address is 789(0x315),default value is 0(0x0) .
Address is 790(0x316),default value is 0(0x0) .
Address is 791(0x317),default value is 196628(0x30014) .
Address is 796(0x31C),default value is 0(0x0) .
Address is 797(0x31D),default value is 0(0x0) .
Address is 798(0x31E),default value is 0(0x0) .
Address is 799(0x31F),default value is 196628(0x30014) .
Address is 804(0x324),default value is 0(0x0) .
Address is 805(0x325),default value is 0(0x0) .
Address is 806(0x326),default value is 0(0x0) .
Address is 807(0x327),default value is 196628(0x30014) .
Address is 812(0x32C),default value is 0(0x0) .
Address is 813(0x32D),default value is 0(0x0) .
Address is 814(0x32E),default value is 0(0x0) .
Address is 815(0x32F),default value is 196628(0x30014) .
Address is 820(0x334),default value is 0(0x0) .
Address is 821(0x335),default value is 0(0x0) .
Address is 822(0x336),default value is 0(0x0) .
Address is 823(0x337),default value is 196628(0x30014) .
Address is 828(0x33C),default value is 0(0x0) .
Address is 829(0x33D),default value is 0(0x0) .
Address is 830(0x33E),default value is 0(0x0) .
Address is 831(0x33F),default value is 196628(0x30014) .
Address is 1408(0x580),default value is 0(0x0) .
Address is 1409(0x581),default value is 0(0x0) .
Address is 1410(0x582),default value is 0(0x0) .
Address is 1411(0x583),default value is 0(0x0) .
Address is 1412(0x584),default value is 0(0x0) .
Address is 1413(0x585),default value is 0(0x0) .
Address is 1414(0x586),default value is 0(0x0) .
Address is 1415(0x587),default value is 4(0x4) .
Address is 1416(0x588),default value is 0(0x0) .
Address is 1417(0x589),default value is 0(0x0) .
Address is 1418(0x58A),default value is 0(0x0) .
Address is 1419(0x58B),default value is 0(0x0) .
Address is 1420(0x58C),default value is 0(0x0) .
Address is 1421(0x58D),default value is 0(0x0) .
Address is 1422(0x58E),default value is 0(0x0) .
Address is 1423(0x58F),default value is 4(0x4) .
Address is 1424(0x590),default value is 0(0x0) .
Address is 1425(0x591),default value is 0(0x0) .
Address is 1426(0x592),default value is 0(0x0) .
Address is 1427(0x593),default value is 0(0x0) .
Address is 1428(0x594),default value is 0(0x0) .
Address is 1429(0x595),default value is 0(0x0) .
Address is 1430(0x596),default value is 0(0x0) .
Address is 1431(0x597),default value is 68(0x44) .
Address is 1432(0x598),default value is 0(0x0) .
Address is 1433(0x599),default value is 0(0x0) .
Address is 1434(0x59A),default value is 0(0x0) .
Address is 1435(0x59B),default value is 0(0x0) .
Address is 1436(0x59C),default value is 0(0x0) .
Address is 1437(0x59D),default value is 0(0x0) .
Address is 1438(0x59E),default value is 0(0x0) .
Address is 1439(0x59F),default value is 0(0x0) .
Address is 2560(0xA00),default value is 4212736(0x404800) .
Address is 2561(0xA01),default value is 0(0x0) .
Address is 2562(0xA02),default value is 4212736(0x404800) .
Address is 2563(0xA03),default value is 0(0x0) .
Address is 2564(0xA04),default value is 4212736(0x404800) .
Address is 2565(0xA05),default value is 0(0x0) .
Address is 2566(0xA06),default value is 4212736(0x404800) .
Address is 2567(0xA07),default value is 0(0x0) .
Address is 2568(0xA08),default value is 4212736(0x404800) .
Address is 2569(0xA09),default value is 0(0x0) .
Address is 2570(0xA0A),default value is 4212736(0x404800) .
Address is 2571(0xA0B),default value is 0(0x0) .
Address is 2572(0xA0C),default value is 4212736(0x404800) .
Address is 2573(0xA0D),default value is 0(0x0) .
Address is 2574(0xA0E),default value is 4212736(0x404800) .
Address is 2575(0xA0F),default value is 0(0x0) .
Address is 2576(0xA10),default value is 4212736(0x404800) .
Address is 2577(0xA11),default value is 0(0x0) .
Address is 2578(0xA12),default value is 4212736(0x404800) .
Address is 2579(0xA13),default value is 0(0x0) .
Address is 2580(0xA14),default value is 4212736(0x404800) .
Address is 2581(0xA15),default value is 0(0x0) .
Address is 2582(0xA16),default value is 4212736(0x404800) .
Address is 2583(0xA17),default value is 0(0x0) .
Address is 2584(0xA18),default value is 4212736(0x404800) .
Address is 2585(0xA19),default value is 0(0x0) .
Address is 2586(0xA1A),default value is 4212736(0x404800) .
Address is 2587(0xA1B),default value is 0(0x0) .
Address is 2588(0xA1C),default value is 4212736(0x404800) .
Address is 2589(0xA1D),default value is 0(0x0) .
Address is 2590(0xA1E),default value is 4212736(0x404800) .
Address is 2591(0xA1F),default value is 0(0x0) .
Address is 2592(0xA20),default value is 4212736(0x404800) .
Address is 2593(0xA21),default value is 0(0x0) .
Address is 2594(0xA22),default value is 4212736(0x404800) .
Address is 2595(0xA23),default value is 0(0x0) .
Address is 2816(0xB00),default value is 864225287(0x33830807) .
Address is 2817(0xB01),default value is 656347986(0x271F1352) .
Address is 2818(0xB02),default value is 124715613(0x76F025D) .
Address is 2819(0xB03),default value is 955583809(0x38F50D41) .
Address is 2820(0xB04),default value is 426258436(0x19683004) .
Address is 2821(0xB05),default value is 75956929(0x48702C1) .
Address is 2822(0xB06),default value is 997996135(0x3B7C3667) .
Address is 2823(0xB07),default value is 833294871(0x31AB1217) .
Address is 2824(0xB08),default value is 255794530(0xF3F1D62) .
Address is 2825(0xB09),default value is 964960124(0x39841F7C) .
Address is 2826(0xB0A),default value is 3870261(0x3B0E35) .
Address is 2827(0xB0B),default value is 955386027(0x38F208AB) .
Address is 2828(0xB0C),default value is 870778897(0x33E70811) .
Address is 2829(0xB0D),default value is 434053756(0x19DF227C) .
Address is 2830(0xB0E),default value is 795949556(0x2F7139F4) .
Address is 2831(0xB0F),default value is 728117456(0x2B6630D0) .
Address is 2832(0xB10),default value is 421805432(0x19243D78) .
Address is 2833(0xB11),default value is 638653243(0x2611133B) .
Address is 2834(0xB12),default value is 273235206(0x10493D06) .
Address is 2835(0xB13),default value is 480587469(0x1CA52ECD) .
Address is 2836(0xB14),default value is 509215292(0x1E5A023C) .
Address is 2837(0xB15),default value is 88417803(0x545260B) .
Address is 2838(0xB16),default value is 802165631(0x2FD0137F) .
Address is 2839(0xB17),default value is 834538369(0x31BE0B81) .
Address is 2840(0xB18),default value is 848758031(0x3297050F) .
Address is 2841(0xB19),default value is 856626250(0x330F144A) .
Address is 2842(0xB1A),default value is 874193100(0x341B20CC) .
Address is 2843(0xB1B),default value is 613551355(0x24920CFB) .
Address is 2844(0xB1C),default value is 161808466(0x9A50052) .
Address is 2845(0xB1D),default value is 523700137(0x1F3707A9) .
Address is 2846(0xB1E),default value is 103551083(0x62C106B) .
Address is 2847(0xB1F),default value is 1053174759(0x3EC62BE7) .
Address is 2848(0xB20),default value is 823266235(0x31120BBB) .
Address is 2849(0xB21),default value is 701763198(0x29D40E7E) .
Address is 2850(0xB22),default value is 321781938(0x132E00B2) .
Address is 2851(0xB23),default value is 11419260(0xAE3E7C) .
Address is 2852(0xB24),default value is 608574335(0x24461B7F) .
Address is 2853(0xB25),default value is 907817564(0x361C325C) .
Address is 2854(0xB26),default value is 980097546(0x3A6B1A0A) .
Address is 2855(0xB27),default value is 691866886(0x293D0D06) .
Address is 2856(0xB28),default value is 224987653(0xD690A05) .
Address is 2857(0xB29),default value is 743577633(0x2C521821) .
Address is 2858(0xB2A),default value is 32123296(0x1EA29A0) .
Address is 2859(0xB2B),default value is 150603212(0x8FA05CC) .
Address is 2860(0xB2C),default value is 54405470(0x33E295E) .
Address is 2861(0xB2D),default value is 53811494(0x3351926) .
Address is 2862(0xB2E),default value is 463608084(0x1BA21914) .
Address is 2863(0xB2F),default value is 712443508(0x2A770674) .
Address is 2864(0xB30),default value is 415109755(0x18BE127B) .
Address is 2865(0xB31),default value is 503330739(0x1E0037B3) .
Address is 2866(0xB32),default value is 385693589(0x16FD3795) .
Address is 2867(0xB33),default value is 1061955294(0x3F4C26DE) .
Address is 2868(0xB34),default value is 555818821(0x21211F45) .
Address is 2869(0xB35),default value is 781060546(0x2E8E09C2) .
Address is 2870(0xB36),default value is 506735985(0x1E342D71) .
Address is 2871(0xB37),default value is 277946128(0x10911F10) .
Address is 2872(0xB38),default value is 285484260(0x110424E4) .
Address is 2873(0xB39),default value is 394993730(0x178B2042) .
Address is 2874(0xB3A),default value is 210772218(0xC9020FA) .
Address is 2875(0xB3B),default value is 800146(0xC3592) .
Address is 2816(0xB00),default value is 864225287(0x33830807) .
Address is 2817(0xB01),default value is 656347986(0x271F1352) .
Address is 2818(0xB02),default value is 124715613(0x76F025D) .
Address is 2819(0xB03),default value is 955583809(0x38F50D41) .
Address is 2820(0xB04),default value is 426258436(0x19683004) .
Address is 2821(0xB05),default value is 75956929(0x48702C1) .
Address is 2822(0xB06),default value is 997996135(0x3B7C3667) .
Address is 2823(0xB07),default value is 833294871(0x31AB1217) .
Address is 2824(0xB08),default value is 255794530(0xF3F1D62) .
Address is 2825(0xB09),default value is 964960124(0x39841F7C) .
Address is 2826(0xB0A),default value is 3870261(0x3B0E35) .
Address is 2827(0xB0B),default value is 955386027(0x38F208AB) .
Address is 2828(0xB0C),default value is 870778897(0x33E70811) .
Address is 2829(0xB0D),default value is 434053756(0x19DF227C) .
Address is 2830(0xB0E),default value is 795949556(0x2F7139F4) .
Address is 2831(0xB0F),default value is 728117456(0x2B6630D0) .
Address is 2832(0xB10),default value is 421805432(0x19243D78) .
Address is 2833(0xB11),default value is 638653243(0x2611133B) .
Address is 2834(0xB12),default value is 273235206(0x10493D06) .
Address is 2835(0xB13),default value is 480587469(0x1CA52ECD) .
Address is 2836(0xB14),default value is 509215292(0x1E5A023C) .
Address is 2837(0xB15),default value is 88417803(0x545260B) .
Address is 2838(0xB16),default value is 802165631(0x2FD0137F) .
Address is 2839(0xB17),default value is 834538369(0x31BE0B81) .
Address is 2840(0xB18),default value is 848758031(0x3297050F) .
Address is 2841(0xB19),default value is 856626250(0x330F144A) .
Address is 2842(0xB1A),default value is 874193100(0x341B20CC) .
Address is 2843(0xB1B),default value is 613551355(0x24920CFB) .
Address is 2844(0xB1C),default value is 161808466(0x9A50052) .
Address is 2845(0xB1D),default value is 523700137(0x1F3707A9) .
Address is 2846(0xB1E),default value is 103551083(0x62C106B) .
Address is 2847(0xB1F),default value is 1053174759(0x3EC62BE7) .
Address is 2848(0xB20),default value is 823266235(0x31120BBB) .
Address is 2849(0xB21),default value is 701763198(0x29D40E7E) .
Address is 2850(0xB22),default value is 321781938(0x132E00B2) .
Address is 2851(0xB23),default value is 11419260(0xAE3E7C) .
Address is 2852(0xB24),default value is 608574335(0x24461B7F) .
Address is 2853(0xB25),default value is 907817564(0x361C325C) .
Address is 2854(0xB26),default value is 980097546(0x3A6B1A0A) .
Address is 2855(0xB27),default value is 691866886(0x293D0D06) .
Address is 2856(0xB28),default value is 224987653(0xD690A05) .
Address is 2857(0xB29),default value is 743577633(0x2C521821) .
Address is 2858(0xB2A),default value is 32123296(0x1EA29A0) .
Address is 2859(0xB2B),default value is 150603212(0x8FA05CC) .
Address is 2860(0xB2C),default value is 54405470(0x33E295E) .
Address is 2861(0xB2D),default value is 53811494(0x3351926) .
Address is 2862(0xB2E),default value is 463608084(0x1BA21914) .
Address is 2863(0xB2F),default value is 712443508(0x2A770674) .
Address is 2864(0xB30),default value is 415109755(0x18BE127B) .
Address is 2865(0xB31),default value is 503330739(0x1E0037B3) .
Address is 2866(0xB32),default value is 385693589(0x16FD3795) .
Address is 2867(0xB33),default value is 1061955294(0x3F4C26DE) .
Address is 2868(0xB34),default value is 555818821(0x21211F45) .
Address is 2869(0xB35),default value is 781060546(0x2E8E09C2) .
Address is 2870(0xB36),default value is 506735985(0x1E342D71) .
Address is 2871(0xB37),default value is 277946128(0x10911F10) .
Address is 2872(0xB38),default value is 285484260(0x110424E4) .
Address is 2873(0xB39),default value is 394993730(0x178B2042) .
Address is 2874(0xB3A),default value is 210772218(0xC9020FA) .
Address is 2875(0xB3B),default value is 800146(0xC3592) .
Address is 3072(0xC00),default value is 5242881(0x500001) .
Address is 3073(0xC01),default value is 17379329(0x1093001) .
Address is 3074(0xC02),default value is 65590(0x10036) .
Address is 3075(0xC03),default value is 939589712(0x38010050) .
Address is 3076(0xC04),default value is 3539210(0x36010A) .
Address is 3077(0xC05),default value is 5242881(0x500001) .
Address is 3078(0xC06),default value is 17512449(0x10B3801) .
Address is 3079(0xC07),default value is 65590(0x10036) .
Address is 3080(0xC08),default value is 939589712(0x38010050) .
Address is 3081(0xC09),default value is 3539212(0x36010C) .
Address is 3082(0xC0A),default value is 5242881(0x500001) .
Address is 3083(0xC0B),default value is 17643522(0x10D3802) .
Address is 3084(0xC0C),default value is 65590(0x10036) .
Address is 3085(0xC0D),default value is 939655248(0x38020050) .
Address is 3086(0xC0E),default value is 3539214(0x36010E) .
Address is 3087(0xC0F),default value is 374341633(0x16500001) .
Address is 3088(0xC10),default value is 17790978(0x10F7802) .
Address is 3089(0xC11),default value is 1952710710(0x74640036) .
Address is 3090(0xC12),default value is 196610(0x30002) .
Address is 3091(0xC13),default value is 5242881(0x500001) .
Address is 3092(0xC14),default value is 17379583(0x10930FF) .
Address is 3093(0xC15),default value is 65590(0x10036) .
Address is 3094(0xC16),default value is 956170320(0x38FE0050) .
Address is 3095(0xC17),default value is 3539210(0x36010A) .
Address is 3096(0xC18),default value is 5242881(0x500001) .
Address is 3097(0xC19),default value is 17512702(0x10B38FE) .
Address is 3098(0xC1A),default value is 65590(0x10036) .
Address is 3099(0xC1B),default value is 939524176(0x38000050) .
Address is 3100(0xC1C),default value is 3539212(0x36010C) .
Address is 3101(0xC1D),default value is 5242881(0x500001) .
Address is 3102(0xC1E),default value is 17643520(0x10D3800) .
Address is 3103(0xC1F),default value is 65590(0x10036) .
Address is 3104(0xC20),default value is 939524176(0x38000050) .
Address is 3105(0xC21),default value is 3539214(0x36010E) .
Address is 3106(0xC22),default value is 374341633(0x16500001) .
Address is 3107(0xC23),default value is 17790976(0x10F7800) .
Address is 3108(0xC24),default value is 1952710710(0x74640036) .
Address is 3109(0xC25),default value is 196610(0x30002) .
Address is 3110(0xC26),default value is 5242881(0x500001) .
Address is 3111(0xC27),default value is 17379583(0x10930FF) .
Address is 3112(0xC28),default value is 65590(0x10036) .
Address is 3113(0xC29),default value is 956104784(0x38FD0050) .
Address is 3114(0xC2A),default value is 3539210(0x36010A) .
Address is 3115(0xC2B),default value is 5242881(0x500001) .
Address is 3116(0xC2C),default value is 17512701(0x10B38FD) .
Address is 3117(0xC2D),default value is 65590(0x10036) .
Address is 3118(0xC2E),default value is 939655248(0x38020050) .
Address is 3119(0xC2F),default value is 3539212(0x36010C) .
Address is 3120(0xC30),default value is 5242881(0x500001) .
Address is 3121(0xC31),default value is 17643522(0x10D3802) .
Address is 3122(0xC32),default value is 65590(0x10036) .
Address is 3123(0xC33),default value is 939655248(0x38020050) .
Address is 3124(0xC34),default value is 3539214(0x36010E) .
Address is 3125(0xC35),default value is 374341633(0x16500001) .
Address is 3126(0xC36),default value is 17790978(0x10F7802) .
Address is 3127(0xC37),default value is 1952710710(0x74640036) .
Address is 3128(0xC38),default value is 196610(0x30002) .
Address is 3129(0xC39),default value is 5242881(0x500001) .
Address is 3130(0xC3A),default value is 17379579(0x10930FB) .
Address is 3131(0xC3B),default value is 65590(0x10036) .
Address is 3132(0xC3C),default value is 956104784(0x38FD0050) .
Address is 3133(0xC3D),default value is 3539210(0x36010A) .
Address is 3134(0xC3E),default value is 5242881(0x500001) .
Address is 3135(0xC3F),default value is 17512701(0x10B38FD) .
Address is 3136(0xC40),default value is 65590(0x10036) .
Address is 3137(0xC41),default value is 955973712(0x38FB0050) .
Address is 3138(0xC42),default value is 3539212(0x36010C) .
Address is 3139(0xC43),default value is 5242881(0x500001) .
Address is 3140(0xC44),default value is 17643773(0x10D38FD) .
Address is 3141(0xC45),default value is 65590(0x10036) .
Address is 3142(0xC46),default value is 955842640(0x38F90050) .
Address is 3143(0xC47),default value is 3539214(0x36010E) .
Address is 3144(0xC48),default value is 374341633(0x16500001) .
Address is 3145(0xC49),default value is 17791226(0x10F78FA) .
Address is 3146(0xC4A),default value is 1952710710(0x74640036) .
Address is 3147(0xC4B),default value is 196610(0x30002) .
Address is 3148(0xC4C),default value is 5242881(0x500001) .
Address is 3149(0xC4D),default value is 17379334(0x1093006) .
Address is 3150(0xC4E),default value is 65590(0x10036) .
Address is 3151(0xC4F),default value is 956170320(0x38FE0050) .
Address is 3152(0xC50),default value is 3539210(0x36010A) .
Address is 3153(0xC51),default value is 5242881(0x500001) .
Address is 3154(0xC52),default value is 17512700(0x10B38FC) .
Address is 3155(0xC53),default value is 65590(0x10036) .
Address is 3156(0xC54),default value is 956170320(0x38FE0050) .
Address is 3157(0xC55),default value is 3539212(0x36010C) .
Address is 3158(0xC56),default value is 5242881(0x500001) .
Address is 3159(0xC57),default value is 17643771(0x10D38FB) .
Address is 3160(0xC58),default value is 65590(0x10036) .
Address is 3161(0xC59),default value is 956170320(0x38FE0050) .
Address is 3162(0xC5A),default value is 3539214(0x36010E) .
Address is 3163(0xC5B),default value is 374341633(0x16500001) .
Address is 3164(0xC5C),default value is 17791219(0x10F78F3) .
Address is 3165(0xC5D),default value is 1952710710(0x74640036) .
Address is 3166(0xC5E),default value is 196610(0x30002) .
Address is 3167(0xC5F),default value is 5242881(0x500001) .
Address is 3168(0xC60),default value is 17379581(0x10930FD) .
Address is 3169(0xC61),default value is 65590(0x10036) .
Address is 3170(0xC62),default value is 956039248(0x38FC0050) .
Address is 3171(0xC63),default value is 3539210(0x36010A) .
Address is 3172(0xC64),default value is 5242881(0x500001) .
Address is 3173(0xC65),default value is 17512698(0x10B38FA) .
Address is 3174(0xC66),default value is 65590(0x10036) .
Address is 3175(0xC67),default value is 955973712(0x38FB0050) .
Address is 3176(0xC68),default value is 3539212(0x36010C) .
Address is 3177(0xC69),default value is 5242881(0x500001) .
Address is 3178(0xC6A),default value is 17643770(0x10D38FA) .
Address is 3179(0xC6B),default value is 65590(0x10036) .
Address is 3180(0xC6C),default value is 955842640(0x38F90050) .
Address is 3181(0xC6D),default value is 3539214(0x36010E) .
Address is 3182(0xC6E),default value is 374341633(0x16500001) .
Address is 3183(0xC6F),default value is 17791224(0x10F78F8) .
Address is 3184(0xC70),default value is 1952710710(0x74640036) .
Address is 3185(0xC71),default value is 196610(0x30002) .
Address is 3186(0xC72),default value is 5242881(0x500001) .
Address is 3187(0xC73),default value is 17379338(0x109300A) .
Address is 3188(0xC74),default value is 65590(0x10036) .
Address is 3189(0xC75),default value is 956104784(0x38FD0050) .
Address is 3190(0xC76),default value is 3539210(0x36010A) .
Address is 3191(0xC77),default value is 5242881(0x500001) .
Address is 3192(0xC78),default value is 17512695(0x10B38F7) .
Address is 3193(0xC79),default value is 65590(0x10036) .
Address is 3194(0xC7A),default value is 955908176(0x38FA0050) .
Address is 3195(0xC7B),default value is 3539212(0x36010C) .
Address is 3196(0xC7C),default value is 5242881(0x500001) .
Address is 3197(0xC7D),default value is 17643765(0x10D38F5) .
Address is 3198(0xC7E),default value is 65590(0x10036) .
Address is 3199(0xC7F),default value is 955908176(0x38FA0050) .
Address is 3200(0xC80),default value is 3539214(0x36010E) .
Address is 3201(0xC81),default value is 374341633(0x16500001) .
Address is 3202(0xC82),default value is 17791227(0x10F78FB) .
Address is 3203(0xC83),default value is 1952710710(0x74640036) .
Address is 3204(0xC84),default value is 196610(0x30002) .
Address is 3205(0xC85),default value is 5242881(0x500001) .
Address is 3206(0xC86),default value is 17379580(0x10930FC) .
Address is 3207(0xC87),default value is 65590(0x10036) .
Address is 3208(0xC88),default value is 955908176(0x38FA0050) .
Address is 3209(0xC89),default value is 3539210(0x36010A) .
Address is 3210(0xC8A),default value is 5242881(0x500001) .
Address is 3211(0xC8B),default value is 17512694(0x10B38F6) .
Address is 3212(0xC8C),default value is 65590(0x10036) .
Address is 3213(0xC8D),default value is 955711568(0x38F70050) .
Address is 3214(0xC8E),default value is 3539212(0x36010C) .
Address is 3215(0xC8F),default value is 5242881(0x500001) .
Address is 3216(0xC90),default value is 17643766(0x10D38F6) .
Address is 3217(0xC91),default value is 65590(0x10036) .
Address is 3218(0xC92),default value is 955580496(0x38F50050) .
Address is 3219(0xC93),default value is 3539214(0x36010E) .
Address is 3220(0xC94),default value is 374341633(0x16500001) .
Address is 3221(0xC95),default value is 17791218(0x10F78F2) .
Address is 3222(0xC96),default value is 1952710710(0x74640036) .
Address is 3223(0xC97),default value is 196610(0x30002) .
Address is 3224(0xC98),default value is 5242881(0x500001) .
Address is 3225(0xC99),default value is 17379330(0x1093002) .
Address is 3226(0xC9A),default value is 65590(0x10036) .
Address is 3227(0xC9B),default value is 939655248(0x38020050) .
Address is 3228(0xC9C),default value is 3539210(0x36010A) .
Address is 3229(0xC9D),default value is 5242881(0x500001) .
Address is 3230(0xC9E),default value is 17512450(0x10B3802) .
Address is 3231(0xC9F),default value is 65590(0x10036) .
Address is 3232(0xCA0),default value is 939655248(0x38020050) .
Address is 3233(0xCA1),default value is 3539212(0x36010C) .
Address is 3234(0xCA2),default value is 5242881(0x500001) .
Address is 3235(0xCA3),default value is 17643523(0x10D3803) .
Address is 3236(0xCA4),default value is 65590(0x10036) .
Address is 3237(0xCA5),default value is 939720784(0x38030050) .
Address is 3238(0xCA6),default value is 3539214(0x36010E) .
Address is 3239(0xCA7),default value is 374341633(0x16500001) .
Address is 3240(0xCA8),default value is 17790979(0x10F7803) .
Address is 3241(0xCA9),default value is 1952710710(0x74640036) .
Address is 3242(0xCAA),default value is 196610(0x30002) .
Address is 3243(0xCAB),default value is 5242881(0x500001) .
Address is 3244(0xCAC),default value is 17379575(0x10930F7) .
Address is 3245(0xCAD),default value is 65590(0x10036) .
Address is 3246(0xCAE),default value is 956235856(0x38FF0050) .
Address is 3247(0xCAF),default value is 3539210(0x36010A) .
Address is 3248(0xCB0),default value is 5242881(0x500001) .
Address is 3249(0xCB1),default value is 17512703(0x10B38FF) .
Address is 3250(0xCB2),default value is 65590(0x10036) .
Address is 3251(0xCB3),default value is 956170320(0x38FE0050) .
Address is 3252(0xCB4),default value is 3539212(0x36010C) .
Address is 3253(0xCB5),default value is 5242881(0x500001) .
Address is 3254(0xCB6),default value is 17643769(0x10D38F9) .
Address is 3255(0xCB7),default value is 65590(0x10036) .
Address is 3256(0xCB8),default value is 956039248(0x38FC0050) .
Address is 3257(0xCB9),default value is 3539214(0x36010E) .
Address is 3258(0xCBA),default value is 374341633(0x16500001) .
Address is 3259(0xCBB),default value is 17791229(0x10F78FD) .
Address is 3260(0xCBC),default value is 1952710710(0x74640036) .
Address is 3261(0xCBD),default value is 196610(0x30002) .
Address is 3262(0xCBE),default value is 5242881(0x500001) .
Address is 3263(0xCBF),default value is 17379577(0x10930F9) .
Address is 3264(0xCC0),default value is 65590(0x10036) .
Address is 3265(0xCC1),default value is 956170320(0x38FE0050) .
Address is 3266(0xCC2),default value is 3539210(0x36010A) .
Address is 3267(0xCC3),default value is 5242881(0x500001) .
Address is 3268(0xCC4),default value is 17512702(0x10B38FE) .
Address is 3269(0xCC5),default value is 65590(0x10036) .
Address is 3270(0xCC6),default value is 956104784(0x38FD0050) .
Address is 3271(0xCC7),default value is 3539212(0x36010C) .
Address is 3272(0xCC8),default value is 5242881(0x500001) .
Address is 3273(0xCC9),default value is 17643771(0x10D38FB) .
Address is 3274(0xCCA),default value is 65590(0x10036) .
Address is 3275(0xCCB),default value is 955973712(0x38FB0050) .
Address is 3276(0xCCC),default value is 3539214(0x36010E) .
Address is 3277(0xCCD),default value is 374341633(0x16500001) .
Address is 3278(0xCCE),default value is 17791228(0x10F78FC) .
Address is 3279(0xCCF),default value is 1952710710(0x74640036) .
Address is 3280(0xCD0),default value is 196610(0x30002) .
Address is 3281(0xCD1),default value is 5242881(0x500001) .
Address is 3282(0xCD2),default value is 17379581(0x10930FD) .
Address is 3283(0xCD3),default value is 65590(0x10036) .
Address is 3284(0xCD4),default value is 956039248(0x38FC0050) .
Address is 3285(0xCD5),default value is 3539210(0x36010A) .
Address is 3286(0xCD6),default value is 5242881(0x500001) .
Address is 3287(0xCD7),default value is 17512700(0x10B38FC) .
Address is 3288(0xCD8),default value is 65590(0x10036) .
Address is 3289(0xCD9),default value is 955908176(0x38FA0050) .
Address is 3290(0xCDA),default value is 3539212(0x36010C) .
Address is 3291(0xCDB),default value is 5242881(0x500001) .
Address is 3292(0xCDC),default value is 17643775(0x10D38FF) .
Address is 3293(0xCDD),default value is 65590(0x10036) .
Address is 3294(0xCDE),default value is 955777104(0x38F80050) .
Address is 3295(0xCDF),default value is 3539214(0x36010E) .
Address is 3296(0xCE0),default value is 374341633(0x16500001) .
Address is 3297(0xCE1),default value is 17791225(0x10F78F9) .
Address is 3298(0xCE2),default value is 1952710710(0x74640036) .
Address is 3299(0xCE3),default value is 196610(0x30002) .
Address is 3300(0xCE4),default value is 5242881(0x500001) .
Address is 3301(0xCE5),default value is 17379583(0x10930FF) .
Address is 3302(0xCE6),default value is 65590(0x10036) .
Address is 3303(0xCE7),default value is 955908176(0x38FA0050) .
Address is 3304(0xCE8),default value is 3539210(0x36010A) .
Address is 3305(0xCE9),default value is 5242881(0x500001) .
Address is 3306(0xCEA),default value is 17512697(0x10B38F9) .
Address is 3307(0xCEB),default value is 65590(0x10036) .
Address is 3308(0xCEC),default value is 955777104(0x38F80050) .
Address is 3309(0xCED),default value is 3539212(0x36010C) .
Address is 3310(0xCEE),default value is 5242881(0x500001) .
Address is 3311(0xCEF),default value is 17643521(0x10D3801) .
Address is 3312(0xCF0),default value is 65590(0x10036) .
Address is 3313(0xCF1),default value is 955711568(0x38F70050) .
Address is 3314(0xCF2),default value is 3539214(0x36010E) .
Address is 3315(0xCF3),default value is 374341633(0x16500001) .
Address is 3316(0xCF4),default value is 17791223(0x10F78F7) .
Address is 3317(0xCF5),default value is 1952710710(0x74640036) .
Address is 3318(0xCF6),default value is 196610(0x30002) .
Address is 3319(0xCF7),default value is 5242881(0x500001) .
Address is 3320(0xCF8),default value is 17379582(0x10930FE) .
Address is 3321(0xCF9),default value is 65590(0x10036) .
Address is 3322(0xCFA),default value is 956235856(0x38FF0050) .
Address is 3323(0xCFB),default value is 3539210(0x36010A) .
Address is 3324(0xCFC),default value is 5242881(0x500001) .
Address is 3325(0xCFD),default value is 17512702(0x10B38FE) .
Address is 3326(0xCFE),default value is 65590(0x10036) .
Address is 3327(0xCFF),default value is 956235856(0x38FF0050) .
Address is 3328(0xD00),default value is 3539212(0x36010C) .
Address is 3329(0xD01),default value is 5242881(0x500001) .
Address is 3330(0xD02),default value is 17643774(0x10D38FE) .
Address is 3331(0xD03),default value is 65590(0x10036) .
Address is 3332(0xD04),default value is 956170320(0x38FE0050) .
Address is 3333(0xD05),default value is 3539214(0x36010E) .
Address is 3334(0xD06),default value is 374341633(0x16500001) .
Address is 3335(0xD07),default value is 17791230(0x10F78FE) .
Address is 3336(0xD08),default value is 1952710710(0x74640036) .
Address is 3337(0xD09),default value is 196610(0x30002) .
Address is 3338(0xD0A),default value is 5242881(0x500001) .
Address is 3339(0xD0B),default value is 17379582(0x10930FE) .
Address is 3340(0xD0C),default value is 65590(0x10036) .
Address is 3341(0xD0D),default value is 956170320(0x38FE0050) .
Address is 3342(0xD0E),default value is 3539210(0x36010A) .
Address is 3343(0xD0F),default value is 5242881(0x500001) .
Address is 3344(0xD10),default value is 17512701(0x10B38FD) .
Address is 3345(0xD11),default value is 65590(0x10036) .
Address is 3346(0xD12),default value is 956170320(0x38FE0050) .
Address is 3347(0xD13),default value is 3539212(0x36010C) .
Address is 3348(0xD14),default value is 5242881(0x500001) .
Address is 3349(0xD15),default value is 17643773(0x10D38FD) .
Address is 3350(0xD16),default value is 65590(0x10036) .
Address is 3351(0xD17),default value is 956039248(0x38FC0050) .
Address is 3352(0xD18),default value is 3539214(0x36010E) .
Address is 3353(0xD19),default value is 374341633(0x16500001) .
Address is 3354(0xD1A),default value is 17791228(0x10F78FC) .
Address is 3355(0xD1B),default value is 1952710710(0x74640036) .
Address is 3356(0xD1C),default value is 196610(0x30002) .
Address is 3357(0xD1D),default value is 5242881(0x500001) .
Address is 3358(0xD1E),default value is 17379582(0x10930FE) .
Address is 3359(0xD1F),default value is 65590(0x10036) .
Address is 3360(0xD20),default value is 956104784(0x38FD0050) .
Address is 3361(0xD21),default value is 3539210(0x36010A) .
Address is 3362(0xD22),default value is 5242881(0x500001) .
Address is 3363(0xD23),default value is 17512699(0x10B38FB) .
Address is 3364(0xD24),default value is 65590(0x10036) .
Address is 3365(0xD25),default value is 956039248(0x38FC0050) .
Address is 3366(0xD26),default value is 3539212(0x36010C) .
Address is 3367(0xD27),default value is 5242881(0x500001) .
Address is 3368(0xD28),default value is 17643771(0x10D38FB) .
Address is 3369(0xD29),default value is 65590(0x10036) .
Address is 3370(0xD2A),default value is 955973712(0x38FB0050) .
Address is 3371(0xD2B),default value is 3539214(0x36010E) .
Address is 3372(0xD2C),default value is 374341633(0x16500001) .
Address is 3373(0xD2D),default value is 17791226(0x10F78FA) .
Address is 3374(0xD2E),default value is 1952710710(0x74640036) .
Address is 3375(0xD2F),default value is 196610(0x30002) .
Address is 3376(0xD30),default value is 5242881(0x500001) .
Address is 3377(0xD31),default value is 17379581(0x10930FD) .
Address is 3378(0xD32),default value is 65590(0x10036) .
Address is 3379(0xD33),default value is 955973712(0x38FB0050) .
Address is 3380(0xD34),default value is 3539210(0x36010A) .
Address is 3381(0xD35),default value is 5242881(0x500001) .
Address is 3382(0xD36),default value is 17512697(0x10B38F9) .
Address is 3383(0xD37),default value is 65590(0x10036) .
Address is 3384(0xD38),default value is 955842640(0x38F90050) .
Address is 3385(0xD39),default value is 3539212(0x36010C) .
Address is 3386(0xD3A),default value is 5242881(0x500001) .
Address is 3387(0xD3B),default value is 17643769(0x10D38F9) .
Address is 3388(0xD3C),default value is 65590(0x10036) .
Address is 3389(0xD3D),default value is 955777104(0x38F80050) .
Address is 3390(0xD3E),default value is 3539214(0x36010E) .
Address is 3391(0xD3F),default value is 374341633(0x16500001) .
Address is 3392(0xD40),default value is 17791222(0x10F78F6) .
Address is 3393(0xD41),default value is 1952710710(0x74640036) .
Address is 3394(0xD42),default value is 196610(0x30002) .
Address is 3395(0xD43),default value is 5242881(0x500001) .
Address is 3396(0xD44),default value is 17379580(0x10930FC) .
Address is 3397(0xD45),default value is 65590(0x10036) .
Address is 3398(0xD46),default value is 955908176(0x38FA0050) .
Address is 3399(0xD47),default value is 3539210(0x36010A) .
Address is 3400(0xD48),default value is 5242881(0x500001) .
Address is 3401(0xD49),default value is 17512695(0x10B38F7) .
Address is 3402(0xD4A),default value is 65590(0x10036) .
Address is 3403(0xD4B),default value is 955777104(0x38F80050) .
Address is 3404(0xD4C),default value is 3539212(0x36010C) .
Address is 3405(0xD4D),default value is 5242881(0x500001) .
Address is 3406(0xD4E),default value is 17643768(0x10D38F8) .
Address is 3407(0xD4F),default value is 65590(0x10036) .
Address is 3408(0xD50),default value is 955711568(0x38F70050) .
Address is 3409(0xD51),default value is 3539214(0x36010E) .
Address is 3410(0xD52),default value is 374341633(0x16500001) .
Address is 3411(0xD53),default value is 17791220(0x10F78F4) .
Address is 3412(0xD54),default value is 1952710710(0x74640036) .
Address is 3413(0xD55),default value is 196610(0x30002) .
Address is 3414(0xD56),default value is 5242881(0x500001) .
Address is 3415(0xD57),default value is 17379579(0x10930FB) .
Address is 3416(0xD58),default value is 65590(0x10036) .
Address is 3417(0xD59),default value is 955842640(0x38F90050) .
Address is 3418(0xD5A),default value is 3539210(0x36010A) .
Address is 3419(0xD5B),default value is 5242881(0x500001) .
Address is 3420(0xD5C),default value is 17512693(0x10B38F5) .
Address is 3421(0xD5D),default value is 65590(0x10036) .
Address is 3422(0xD5E),default value is 955646032(0x38F60050) .
Address is 3423(0xD5F),default value is 3539212(0x36010C) .
Address is 3424(0xD60),default value is 5242881(0x500001) .
Address is 3425(0xD61),default value is 17643764(0x10D38F4) .
Address is 3426(0xD62),default value is 65590(0x10036) .
Address is 3427(0xD63),default value is 955514960(0x38F40050) .
Address is 3428(0xD64),default value is 3539214(0x36010E) .
Address is 3429(0xD65),default value is 374341633(0x16500001) .
Address is 3430(0xD66),default value is 17791216(0x10F78F0) .
Address is 3431(0xD67),default value is 1952710710(0x74640036) .
Address is 3432(0xD68),default value is 196610(0x30002) .
Address is 3433(0xD69),default value is 5242881(0x500001) .
Address is 3434(0xD6A),default value is 17379579(0x10930FB) .
Address is 3435(0xD6B),default value is 65590(0x10036) .
Address is 3436(0xD6C),default value is 955842640(0x38F90050) .
Address is 3437(0xD6D),default value is 3539210(0x36010A) .
Address is 3438(0xD6E),default value is 5242881(0x500001) .
Address is 3439(0xD6F),default value is 17512691(0x10B38F3) .
Address is 3440(0xD70),default value is 65590(0x10036) .
Address is 3441(0xD71),default value is 955580496(0x38F50050) .
Address is 3442(0xD72),default value is 3539212(0x36010C) .
Address is 3443(0xD73),default value is 5242881(0x500001) .
Address is 3444(0xD74),default value is 17643763(0x10D38F3) .
Address is 3445(0xD75),default value is 65590(0x10036) .
Address is 3446(0xD76),default value is 955449424(0x38F30050) .
Address is 3447(0xD77),default value is 3539214(0x36010E) .
Address is 3448(0xD78),default value is 374341633(0x16500001) .
Address is 3449(0xD79),default value is 17791214(0x10F78EE) .
Address is 3450(0xD7A),default value is 1952710710(0x74640036) .
Address is 3451(0xD7B),default value is 196610(0x30002) .
Address is 3452(0xD7C),default value is 5242881(0x500001) .
Address is 3453(0xD7D),default value is 17379579(0x10930FB) .
Address is 3454(0xD7E),default value is 65590(0x10036) .
Address is 3455(0xD7F),default value is 955777104(0x38F80050) .
Address is 3456(0xD80),default value is 3539210(0x36010A) .
Address is 3457(0xD81),default value is 5242881(0x500001) .
Address is 3458(0xD82),default value is 17512690(0x10B38F2) .
Address is 3459(0xD83),default value is 65590(0x10036) .
Address is 3460(0xD84),default value is 955514960(0x38F40050) .
Address is 3461(0xD85),default value is 3539212(0x36010C) .
Address is 3462(0xD86),default value is 5242881(0x500001) .
Address is 3463(0xD87),default value is 17643761(0x10D38F1) .
Address is 3464(0xD88),default value is 65590(0x10036) .
Address is 3465(0xD89),default value is 955318352(0x38F10050) .
Address is 3466(0xD8A),default value is 3539214(0x36010E) .
Address is 3467(0xD8B),default value is 374341633(0x16500001) .
Address is 3468(0xD8C),default value is 17791212(0x10F78EC) .
Address is 3469(0xD8D),default value is 1952710710(0x74640036) .
Address is 3470(0xD8E),default value is 196610(0x30002) .
Address is 3471(0xD8F),default value is 5242881(0x500001) .
Address is 3472(0xD90),default value is 17379578(0x10930FA) .
Address is 3473(0xD91),default value is 65590(0x10036) .
Address is 3474(0xD92),default value is 955777104(0x38F80050) .
Address is 3475(0xD93),default value is 3539210(0x36010A) .
Address is 3476(0xD94),default value is 5242881(0x500001) .
Address is 3477(0xD95),default value is 17512689(0x10B38F1) .
Address is 3478(0xD96),default value is 65590(0x10036) .
Address is 3479(0xD97),default value is 955449424(0x38F30050) .
Address is 3480(0xD98),default value is 3539212(0x36010C) .
Address is 3481(0xD99),default value is 5242881(0x500001) .
Address is 3482(0xD9A),default value is 17643760(0x10D38F0) .
Address is 3483(0xD9B),default value is 65590(0x10036) .
Address is 3484(0xD9C),default value is 955252816(0x38F00050) .
Address is 3485(0xD9D),default value is 3539214(0x36010E) .
Address is 3486(0xD9E),default value is 374341633(0x16500001) .
Address is 3487(0xD9F),default value is 17791210(0x10F78EA) .
Address is 3488(0xDA0),default value is 1952710710(0x74640036) .
Address is 3489(0xDA1),default value is 196610(0x30002) .
Address is 3490(0xDA2),default value is 5242881(0x500001) .
Address is 3491(0xDA3),default value is 17379578(0x10930FA) .
Address is 3492(0xDA4),default value is 65590(0x10036) .
Address is 3493(0xDA5),default value is 955711568(0x38F70050) .
Address is 3494(0xDA6),default value is 3539210(0x36010A) .
Address is 3495(0xDA7),default value is 5242881(0x500001) .
Address is 3496(0xDA8),default value is 17512688(0x10B38F0) .
Address is 3497(0xDA9),default value is 65590(0x10036) .
Address is 3498(0xDAA),default value is 955383888(0x38F20050) .
Address is 3499(0xDAB),default value is 3539212(0x36010C) .
Address is 3500(0xDAC),default value is 5242881(0x500001) .
Address is 3501(0xDAD),default value is 17643758(0x10D38EE) .
Address is 3502(0xDAE),default value is 65590(0x10036) .
Address is 3503(0xDAF),default value is 955121744(0x38EE0050) .
Address is 3504(0xDB0),default value is 3539214(0x36010E) .
Address is 3505(0xDB1),default value is 374341633(0x16500001) .
Address is 3506(0xDB2),default value is 17791208(0x10F78E8) .
Address is 3507(0xDB3),default value is 1952710710(0x74640036) .
Address is 3508(0xDB4),default value is 196610(0x30002) .
Address is 3509(0xDB5),default value is 5242881(0x500001) .
Address is 3510(0xDB6),default value is 17379344(0x1093010) .
Address is 3511(0xDB7),default value is 65590(0x10036) .
Address is 3512(0xDB8),default value is 955908176(0x38FA0050) .
Address is 3513(0xDB9),default value is 3539210(0x36010A) .
Address is 3514(0xDBA),default value is 5242881(0x500001) .
Address is 3515(0xDBB),default value is 17512691(0x10B38F3) .
Address is 3516(0xDBC),default value is 65590(0x10036) .
Address is 3517(0xDBD),default value is 955908176(0x38FA0050) .
Address is 3518(0xDBE),default value is 3539212(0x36010C) .
Address is 3519(0xDBF),default value is 5242881(0x500001) .
Address is 3520(0xDC0),default value is 17643771(0x10D38FB) .
Address is 3521(0xDC1),default value is 65590(0x10036) .
Address is 3522(0xDC2),default value is 955711568(0x38F70050) .
Address is 3523(0xDC3),default value is 3539214(0x36010E) .
Address is 3524(0xDC4),default value is 374341633(0x16500001) .
Address is 3525(0xDC5),default value is 17791219(0x10F78F3) .
Address is 3526(0xDC6),default value is 1952710710(0x74640036) .
Address is 3527(0xDC7),default value is 196610(0x30002) .
Address is 3528(0xDC8),default value is 5242881(0x500001) .
Address is 3529(0xDC9),default value is 17379344(0x1093010) .
Address is 3530(0xDCA),default value is 65590(0x10036) .
Address is 3531(0xDCB),default value is 955908176(0x38FA0050) .
Address is 3532(0xDCC),default value is 3539210(0x36010A) .
Address is 3533(0xDCD),default value is 5242881(0x500001) .
Address is 3534(0xDCE),default value is 17512691(0x10B38F3) .
Address is 3535(0xDCF),default value is 65590(0x10036) .
Address is 3536(0xDD0),default value is 956104784(0x38FD0050) .
Address is 3537(0xDD1),default value is 3539212(0x36010C) .
Address is 3538(0xDD2),default value is 5242881(0x500001) .
Address is 3539(0xDD3),default value is 17643768(0x10D38F8) .
Address is 3540(0xDD4),default value is 65590(0x10036) .
Address is 3541(0xDD5),default value is 955711568(0x38F70050) .
Address is 3542(0xDD6),default value is 3539214(0x36010E) .
Address is 3543(0xDD7),default value is 374341633(0x16500001) .
Address is 3544(0xDD8),default value is 17791222(0x10F78F6) .
Address is 3545(0xDD9),default value is 1952710710(0x74640036) .
Address is 3546(0xDDA),default value is 196610(0x30002) .
Address is 3547(0xDDB),default value is 5242881(0x500001) .
Address is 3548(0xDDC),default value is 17379342(0x109300E) .
Address is 3549(0xDDD),default value is 65590(0x10036) .
Address is 3550(0xDDE),default value is 956104784(0x38FD0050) .
Address is 3551(0xDDF),default value is 3539210(0x36010A) .
Address is 3552(0xDE0),default value is 5242881(0x500001) .
Address is 3553(0xDE1),default value is 17512693(0x10B38F5) .
Address is 3554(0xDE2),default value is 65590(0x10036) .
Address is 3555(0xDE3),default value is 956104784(0x38FD0050) .
Address is 3556(0xDE4),default value is 3539212(0x36010C) .
Address is 3557(0xDE5),default value is 5242881(0x500001) .
Address is 3558(0xDE6),default value is 17643771(0x10D38FB) .
Address is 3559(0xDE7),default value is 65590(0x10036) .
Address is 3560(0xDE8),default value is 955711568(0x38F70050) .
Address is 3561(0xDE9),default value is 3539214(0x36010E) .
Address is 3562(0xDEA),default value is 374341633(0x16500001) .
Address is 3563(0xDEB),default value is 17791219(0x10F78F3) .
Address is 3564(0xDEC),default value is 1952710710(0x74640036) .
Address is 3565(0xDED),default value is 196610(0x30002) .
Address is 3566(0xDEE),default value is 5242881(0x500001) .
Address is 3567(0xDEF),default value is 17379342(0x109300E) .
Address is 3568(0xDF0),default value is 65590(0x10036) .
Address is 3569(0xDF1),default value is 939524176(0x38000050) .
Address is 3570(0xDF2),default value is 3539210(0x36010A) .
Address is 3571(0xDF3),default value is 5242881(0x500001) .
Address is 3572(0xDF4),default value is 17512693(0x10B38F5) .
Address is 3573(0xDF5),default value is 65590(0x10036) .
Address is 3574(0xDF6),default value is 956104784(0x38FD0050) .
Address is 3575(0xDF7),default value is 3539212(0x36010C) .
Address is 3576(0xDF8),default value is 5242881(0x500001) .
Address is 3577(0xDF9),default value is 17643768(0x10D38F8) .
Address is 3578(0xDFA),default value is 65590(0x10036) .
Address is 3579(0xDFB),default value is 955711568(0x38F70050) .
Address is 3580(0xDFC),default value is 3539214(0x36010E) .
Address is 3581(0xDFD),default value is 374341633(0x16500001) .
Address is 3582(0xDFE),default value is 17791222(0x10F78F6) .
Address is 3583(0xDFF),default value is 1952710710(0x74640036) .
Address is 3584(0xE00),default value is 196610(0x30002) .
Address is 3585(0xE01),default value is 5242881(0x500001) .
Address is 3586(0xE02),default value is 17379340(0x109300C) .
Address is 3587(0xE03),default value is 65590(0x10036) .
Address is 3588(0xE04),default value is 956104784(0x38FD0050) .
Address is 3589(0xE05),default value is 3539210(0x36010A) .
Address is 3590(0xE06),default value is 5242881(0x500001) .
Address is 3591(0xE07),default value is 17512693(0x10B38F5) .
Address is 3592(0xE08),default value is 65590(0x10036) .
Address is 3593(0xE09),default value is 939524176(0x38000050) .
Address is 3594(0xE0A),default value is 3539212(0x36010C) .
Address is 3595(0xE0B),default value is 5242881(0x500001) .
Address is 3596(0xE0C),default value is 17643771(0x10D38FB) .
Address is 3597(0xE0D),default value is 65590(0x10036) .
Address is 3598(0xE0E),default value is 955711568(0x38F70050) .
Address is 3599(0xE0F),default value is 3539214(0x36010E) .
Address is 3600(0xE10),default value is 374341633(0x16500001) .
Address is 3601(0xE11),default value is 17791224(0x10F78F8) .
Address is 3602(0xE12),default value is 1952710710(0x74640036) .
Address is 3603(0xE13),default value is 196610(0x30002) .
Address is 3604(0xE14),default value is 5242881(0x500001) .
Address is 3605(0xE15),default value is 17379340(0x109300C) .
Address is 3606(0xE16),default value is 65590(0x10036) .
Address is 3607(0xE17),default value is 955908176(0x38FA0050) .
Address is 3608(0xE18),default value is 3539210(0x36010A) .
Address is 3609(0xE19),default value is 5242881(0x500001) .
Address is 3610(0xE1A),default value is 17512693(0x10B38F5) .
Address is 3611(0xE1B),default value is 65590(0x10036) .
Address is 3612(0xE1C),default value is 955908176(0x38FA0050) .
Address is 3613(0xE1D),default value is 3539212(0x36010C) .
Address is 3614(0xE1E),default value is 5242881(0x500001) .
Address is 3615(0xE1F),default value is 17643768(0x10D38F8) .
Address is 3616(0xE20),default value is 65590(0x10036) .
Address is 3617(0xE21),default value is 955908176(0x38FA0050) .
Address is 3618(0xE22),default value is 3539214(0x36010E) .
Address is 3619(0xE23),default value is 374341633(0x16500001) .
Address is 3620(0xE24),default value is 17791227(0x10F78FB) .
Address is 3621(0xE25),default value is 1952710710(0x74640036) .
Address is 3622(0xE26),default value is 196610(0x30002) .
Address is 3623(0xE27),default value is 5242881(0x500001) .
Address is 3624(0xE28),default value is 17379340(0x109300C) .
Address is 3625(0xE29),default value is 65590(0x10036) .
Address is 3626(0xE2A),default value is 956104784(0x38FD0050) .
Address is 3627(0xE2B),default value is 3539210(0x36010A) .
Address is 3628(0xE2C),default value is 5242881(0x500001) .
Address is 3629(0xE2D),default value is 17512695(0x10B38F7) .
Address is 3630(0xE2E),default value is 65590(0x10036) .
Address is 3631(0xE2F),default value is 955908176(0x38FA0050) .
Address is 3632(0xE30),default value is 3539212(0x36010C) .
Address is 3633(0xE31),default value is 5242881(0x500001) .
Address is 3634(0xE32),default value is 17643765(0x10D38F5) .
Address is 3635(0xE33),default value is 65590(0x10036) .
Address is 3636(0xE34),default value is 955908176(0x38FA0050) .
Address is 3637(0xE35),default value is 3539214(0x36010E) .
Address is 3638(0xE36),default value is 374341633(0x16500001) .
Address is 3639(0xE37),default value is 17791219(0x10F78F3) .
Address is 3640(0xE38),default value is 1952710710(0x74640036) .
Address is 3641(0xE39),default value is 196610(0x30002) .
Address is 3642(0xE3A),default value is 5242881(0x500001) .
Address is 3643(0xE3B),default value is 17379338(0x109300A) .
Address is 3644(0xE3C),default value is 65590(0x10036) .
Address is 3645(0xE3D),default value is 939524176(0x38000050) .
Address is 3646(0xE3E),default value is 3539210(0x36010A) .
Address is 3647(0xE3F),default value is 5242881(0x500001) .
Address is 3648(0xE40),default value is 17512695(0x10B38F7) .
Address is 3649(0xE41),default value is 65590(0x10036) .
Address is 3650(0xE42),default value is 956104784(0x38FD0050) .
Address is 3651(0xE43),default value is 3539212(0x36010C) .
Address is 3652(0xE44),default value is 5242881(0x500001) .
Address is 3653(0xE45),default value is 17643771(0x10D38FB) .
Address is 3654(0xE46),default value is 65590(0x10036) .
Address is 3655(0xE47),default value is 955908176(0x38FA0050) .
Address is 3656(0xE48),default value is 3539214(0x36010E) .
Address is 3657(0xE49),default value is 374341633(0x16500001) .
Address is 3658(0xE4A),default value is 17791222(0x10F78F6) .
Address is 3659(0xE4B),default value is 1952710710(0x74640036) .
Address is 3660(0xE4C),default value is 196610(0x30002) .
Address is 3661(0xE4D),default value is 5242881(0x500001) .
Address is 3662(0xE4E),default value is 17379338(0x109300A) .
Address is 3663(0xE4F),default value is 65590(0x10036) .
Address is 3664(0xE50),default value is 955908176(0x38FA0050) .
Address is 3665(0xE51),default value is 3539210(0x36010A) .
Address is 3666(0xE52),default value is 5242881(0x500001) .
Address is 3667(0xE53),default value is 17512695(0x10B38F7) .
Address is 3668(0xE54),default value is 65590(0x10036) .
Address is 3669(0xE55),default value is 956104784(0x38FD0050) .
Address is 3670(0xE56),default value is 3539212(0x36010C) .
Address is 3671(0xE57),default value is 5242881(0x500001) .
Address is 3672(0xE58),default value is 17643768(0x10D38F8) .
Address is 3673(0xE59),default value is 65590(0x10036) .
Address is 3674(0xE5A),default value is 955908176(0x38FA0050) .
Address is 3675(0xE5B),default value is 3539214(0x36010E) .
Address is 3676(0xE5C),default value is 374341633(0x16500001) .
Address is 3677(0xE5D),default value is 17791224(0x10F78F8) .
Address is 3678(0xE5E),default value is 1952710710(0x74640036) .
Address is 3679(0xE5F),default value is 196610(0x30002) .
Address is 3680(0xE60),default value is 5242881(0x500001) .
Address is 3681(0xE61),default value is 17379336(0x1093008) .
Address is 3682(0xE62),default value is 65590(0x10036) .
Address is 3683(0xE63),default value is 939524176(0x38000050) .
Address is 3684(0xE64),default value is 3539210(0x36010A) .
Address is 3685(0xE65),default value is 5242881(0x500001) .
Address is 3686(0xE66),default value is 17512698(0x10B38FA) .
Address is 3687(0xE67),default value is 65590(0x10036) .
Address is 3688(0xE68),default value is 956104784(0x38FD0050) .
Address is 3689(0xE69),default value is 3539212(0x36010C) .
Address is 3690(0xE6A),default value is 5242881(0x500001) .
Address is 3691(0xE6B),default value is 17643771(0x10D38FB) .
Address is 3692(0xE6C),default value is 65590(0x10036) .
Address is 3693(0xE6D),default value is 955908176(0x38FA0050) .
Address is 3694(0xE6E),default value is 3539214(0x36010E) .
Address is 3695(0xE6F),default value is 374341633(0x16500001) .
Address is 3696(0xE70),default value is 17791219(0x10F78F3) .
Address is 3697(0xE71),default value is 1952710710(0x74640036) .
Address is 3698(0xE72),default value is 196610(0x30002) .
Address is 3699(0xE73),default value is 5242881(0x500001) .
Address is 3700(0xE74),default value is 17379336(0x1093008) .
Address is 3701(0xE75),default value is 65590(0x10036) .
Address is 3702(0xE76),default value is 955908176(0x38FA0050) .
Address is 3703(0xE77),default value is 3539210(0x36010A) .
Address is 3704(0xE78),default value is 5242881(0x500001) .
Address is 3705(0xE79),default value is 17512698(0x10B38FA) .
Address is 3706(0xE7A),default value is 65590(0x10036) .
Address is 3707(0xE7B),default value is 939524176(0x38000050) .
Address is 3708(0xE7C),default value is 3539212(0x36010C) .
Address is 3709(0xE7D),default value is 5242881(0x500001) .
Address is 3710(0xE7E),default value is 17643768(0x10D38F8) .
Address is 3711(0xE7F),default value is 65590(0x10036) .
Address is 3712(0xE80),default value is 955908176(0x38FA0050) .
Address is 3713(0xE81),default value is 3539214(0x36010E) .
Address is 3714(0xE82),default value is 374341633(0x16500001) .
Address is 3715(0xE83),default value is 17791222(0x10F78F6) .
Address is 3716(0xE84),default value is 1952710710(0x74640036) .
Address is 3717(0xE85),default value is 196610(0x30002) .
Address is 3718(0xE86),default value is 5242881(0x500001) .
Address is 3719(0xE87),default value is 17379336(0x1093008) .
Address is 3720(0xE88),default value is 65590(0x10036) .
Address is 3721(0xE89),default value is 956104784(0x38FD0050) .
Address is 3722(0xE8A),default value is 3539210(0x36010A) .
Address is 3723(0xE8B),default value is 5242881(0x500001) .
Address is 3724(0xE8C),default value is 17512698(0x10B38FA) .
Address is 3725(0xE8D),default value is 65590(0x10036) .
Address is 3726(0xE8E),default value is 939524176(0x38000050) .
Address is 3727(0xE8F),default value is 3539212(0x36010C) .
Address is 3728(0xE90),default value is 5242881(0x500001) .
Address is 3729(0xE91),default value is 17643765(0x10D38F5) .
Address is 3730(0xE92),default value is 65590(0x10036) .
Address is 3731(0xE93),default value is 955908176(0x38FA0050) .
Address is 3732(0xE94),default value is 3539214(0x36010E) .
Address is 3733(0xE95),default value is 374341633(0x16500001) .
Address is 3734(0xE96),default value is 17791224(0x10F78F8) .
Address is 3735(0xE97),default value is 1952710710(0x74640036) .
Address is 3736(0xE98),default value is 196610(0x30002) .
Address is 3737(0xE99),default value is 5242881(0x500001) .
Address is 3738(0xE9A),default value is 17379334(0x1093006) .
Address is 3739(0xE9B),default value is 65590(0x10036) .
Address is 3740(0xE9C),default value is 956104784(0x38FD0050) .
Address is 3741(0xE9D),default value is 3539210(0x36010A) .
Address is 3742(0xE9E),default value is 5242881(0x500001) .
Address is 3743(0xE9F),default value is 17512698(0x10B38FA) .
Address is 3744(0xEA0),default value is 65590(0x10036) .
Address is 3745(0xEA1),default value is 955908176(0x38FA0050) .
Address is 3746(0xEA2),default value is 3539212(0x36010C) .
Address is 3747(0xEA3),default value is 5242881(0x500001) .
Address is 3748(0xEA4),default value is 17643768(0x10D38F8) .
Address is 3749(0xEA5),default value is 65590(0x10036) .
Address is 3750(0xEA6),default value is 956104784(0x38FD0050) .
Address is 3751(0xEA7),default value is 3539214(0x36010E) .
Address is 3752(0xEA8),default value is 374341633(0x16500001) .
Address is 3753(0xEA9),default value is 17791227(0x10F78FB) .
Address is 3754(0xEAA),default value is 1952710710(0x74640036) .
Address is 3755(0xEAB),default value is 196610(0x30002) .
Address is 3756(0xEAC),default value is 5242881(0x500001) .
Address is 3757(0xEAD),default value is 17379332(0x1093004) .
Address is 3758(0xEAE),default value is 65590(0x10036) .
Address is 3759(0xEAF),default value is 956104784(0x38FD0050) .
Address is 3760(0xEB0),default value is 3539210(0x36010A) .
Address is 3761(0xEB1),default value is 5242881(0x500001) .
Address is 3762(0xEB2),default value is 17512700(0x10B38FC) .
Address is 3763(0xEB3),default value is 65590(0x10036) .
Address is 3764(0xEB4),default value is 956104784(0x38FD0050) .
Address is 3765(0xEB5),default value is 3539212(0x36010C) .
Address is 3766(0xEB6),default value is 5242881(0x500001) .
Address is 3767(0xEB7),default value is 17643768(0x10D38F8) .
Address is 3768(0xEB8),default value is 65590(0x10036) .
Address is 3769(0xEB9),default value is 956104784(0x38FD0050) .
Address is 3770(0xEBA),default value is 3539214(0x36010E) .
Address is 3771(0xEBB),default value is 374341633(0x16500001) .
Address is 3772(0xEBC),default value is 17791222(0x10F78F6) .
Address is 3773(0xEBD),default value is 1952710710(0x74640036) .
Address is 3774(0xEBE),default value is 196610(0x30002) .
Address is 3775(0xEBF),default value is 5242881(0x500001) .
Address is 3776(0xEC0),default value is 17379332(0x1093004) .
Address is 3777(0xEC1),default value is 65590(0x10036) .
Address is 3778(0xEC2),default value is 939524176(0x38000050) .
Address is 3779(0xEC3),default value is 3539210(0x36010A) .
Address is 3780(0xEC4),default value is 5242881(0x500001) .
Address is 3781(0xEC5),default value is 17512700(0x10B38FC) .
Address is 3782(0xEC6),default value is 65590(0x10036) .
Address is 3783(0xEC7),default value is 956104784(0x38FD0050) .
Address is 3784(0xEC8),default value is 3539212(0x36010C) .
Address is 3785(0xEC9),default value is 5242881(0x500001) .
Address is 3786(0xECA),default value is 17643765(0x10D38F5) .
Address is 3787(0xECB),default value is 65590(0x10036) .
Address is 3788(0xECC),default value is 956104784(0x38FD0050) .
Address is 3789(0xECD),default value is 3539214(0x36010E) .
Address is 3790(0xECE),default value is 374341633(0x16500001) .
Address is 3791(0xECF),default value is 17791224(0x10F78F8) .
Address is 3792(0xED0),default value is 1952710710(0x74640036) .
Address is 3793(0xED1),default value is 196610(0x30002) .
Address is 3794(0xED2),default value is 5242881(0x500001) .
Address is 3795(0xED3),default value is 17379330(0x1093002) .
Address is 3796(0xED4),default value is 65590(0x10036) .
Address is 3797(0xED5),default value is 939524176(0x38000050) .
Address is 3798(0xED6),default value is 3539210(0x36010A) .
Address is 3799(0xED7),default value is 5242881(0x500001) .
Address is 3800(0xED8),default value is 17512700(0x10B38FC) .
Address is 3801(0xED9),default value is 65590(0x10036) .
Address is 3802(0xEDA),default value is 939524176(0x38000050) .
Address is 3803(0xEDB),default value is 3539212(0x36010C) .
Address is 3804(0xEDC),default value is 5242881(0x500001) .
Address is 3805(0xEDD),default value is 17643768(0x10D38F8) .
Address is 3806(0xEDE),default value is 65590(0x10036) .
Address is 3807(0xEDF),default value is 956104784(0x38FD0050) .
Address is 3808(0xEE0),default value is 3539214(0x36010E) .
Address is 3809(0xEE1),default value is 374341633(0x16500001) .
Address is 3810(0xEE2),default value is 17791227(0x10F78FB) .
Address is 3811(0xEE3),default value is 1952710710(0x74640036) .
Address is 3812(0xEE4),default value is 196610(0x30002) .
Address is 3813(0xEE5),default value is 5242881(0x500001) .
Address is 3814(0xEE6),default value is 17379346(0x1093012) .
Address is 3815(0xEE7),default value is 65590(0x10036) .
Address is 3816(0xEE8),default value is 939524176(0x38000050) .
Address is 3817(0xEE9),default value is 3539210(0x36010A) .
Address is 3818(0xEEA),default value is 5242881(0x500001) .
Address is 3819(0xEEB),default value is 17512700(0x10B38FC) .
Address is 3820(0xEEC),default value is 65590(0x10036) .
Address is 3821(0xEED),default value is 956104784(0x38FD0050) .
Address is 3822(0xEEE),default value is 3539212(0x36010C) .
Address is 3823(0xEEF),default value is 5242881(0x500001) .
Address is 3824(0xEF0),default value is 17643768(0x10D38F8) .
Address is 3825(0xEF1),default value is 65590(0x10036) .
Address is 3826(0xEF2),default value is 956104784(0x38FD0050) .
Address is 3827(0xEF3),default value is 3539214(0x36010E) .
Address is 3828(0xEF4),default value is 374341633(0x16500001) .
Address is 3829(0xEF5),default value is 17791224(0x10F78F8) .
Address is 3830(0xEF6),default value is 1952710710(0x74640036) .
Address is 3831(0xEF7),default value is 196610(0x30002) .
Address is 3832(0xEF8),default value is 5242881(0x500001) .
Address is 3833(0xEF9),default value is 17379346(0x1093012) .
Address is 3834(0xEFA),default value is 65590(0x10036) .
Address is 3835(0xEFB),default value is 939524176(0x38000050) .
Address is 3836(0xEFC),default value is 3539210(0x36010A) .
Address is 3837(0xEFD),default value is 5242881(0x500001) .
Address is 3838(0xEFE),default value is 17512700(0x10B38FC) .
Address is 3839(0xEFF),default value is 65590(0x10036) .
Address is 3840(0xF00),default value is 939524176(0x38000050) .
Address is 3841(0xF01),default value is 3539212(0x36010C) .
Address is 3842(0xF02),default value is 5242881(0x500001) .
Address is 3843(0xF03),default value is 17643768(0x10D38F8) .
Address is 3844(0xF04),default value is 65590(0x10036) .
Address is 3845(0xF05),default value is 956104784(0x38FD0050) .
Address is 3846(0xF06),default value is 3539214(0x36010E) .
Address is 3847(0xF07),default value is 374341633(0x16500001) .
Address is 3848(0xF08),default value is 17791227(0x10F78FB) .
Address is 3849(0xF09),default value is 1952710710(0x74640036) .
Address is 3850(0xF0A),default value is 196610(0x30002) .
Address is 3851(0xF0B),default value is 5242881(0x500001) .
Address is 3852(0xF0C),default value is 17379346(0x1093012) .
Address is 3853(0xF0D),default value is 65590(0x10036) .
Address is 3854(0xF0E),default value is 939524176(0x38000050) .
Address is 3855(0xF0F),default value is 3539210(0x36010A) .
Address is 3856(0xF10),default value is 5242881(0x500001) .
Address is 3857(0xF11),default value is 17512700(0x10B38FC) .
Address is 3858(0xF12),default value is 65590(0x10036) .
Address is 3859(0xF13),default value is 939589712(0x38010050) .
Address is 3860(0xF14),default value is 3539212(0x36010C) .
Address is 3861(0xF15),default value is 5242881(0x500001) .
Address is 3862(0xF16),default value is 17643771(0x10D38FB) .
Address is 3863(0xF17),default value is 65590(0x10036) .
Address is 3864(0xF18),default value is 956170320(0x38FE0050) .
Address is 3865(0xF19),default value is 3539214(0x36010E) .
Address is 3866(0xF1A),default value is 374341633(0x16500001) .
Address is 3867(0xF1B),default value is 17791229(0x10F78FD) .
Address is 3868(0xF1C),default value is 1952710710(0x74640036) .
Address is 3869(0xF1D),default value is 196610(0x30002) .
Address is 3870(0xF1E),default value is 5242881(0x500001) .
Address is 3871(0xF1F),default value is 17379348(0x1093014) .
Address is 3872(0xF20),default value is 65590(0x10036) .
Address is 3873(0xF21),default value is 939589712(0x38010050) .
Address is 3874(0xF22),default value is 3539210(0x36010A) .
Address is 3875(0xF23),default value is 5242881(0x500001) .
Address is 3876(0xF24),default value is 17512700(0x10B38FC) .
Address is 3877(0xF25),default value is 65590(0x10036) .
Address is 3878(0xF26),default value is 939589712(0x38010050) .
Address is 3879(0xF27),default value is 3539212(0x36010C) .
Address is 3880(0xF28),default value is 5242881(0x500001) .
Address is 3881(0xF29),default value is 17643771(0x10D38FB) .
Address is 3882(0xF2A),default value is 65590(0x10036) .
Address is 3883(0xF2B),default value is 956170320(0x38FE0050) .
Address is 3884(0xF2C),default value is 3539214(0x36010E) .
Address is 3885(0xF2D),default value is 374341633(0x16500001) .
Address is 3886(0xF2E),default value is 17791227(0x10F78FB) .
Address is 3887(0xF2F),default value is 1952710710(0x74640036) .
Address is 3888(0xF30),default value is 196610(0x30002) .
Address is 3889(0xF31),default value is 5242881(0x500001) .
Address is 3890(0xF32),default value is 17379577(0x10930F9) .
Address is 3891(0xF33),default value is 65590(0x10036) .
Address is 3892(0xF34),default value is 955646032(0x38F60050) .
Address is 3893(0xF35),default value is 3539210(0x36010A) .
Address is 3894(0xF36),default value is 5242881(0x500001) .
Address is 3895(0xF37),default value is 17512687(0x10B38EF) .
Address is 3896(0xF38),default value is 65590(0x10036) .
Address is 3897(0xF39),default value is 955318352(0x38F10050) .
Address is 3898(0xF3A),default value is 3539212(0x36010C) .
Address is 3899(0xF3B),default value is 5242881(0x500001) .
Address is 3900(0xF3C),default value is 17643757(0x10D38ED) .
Address is 3901(0xF3D),default value is 65590(0x10036) .
Address is 3902(0xF3E),default value is 955121744(0x38EE0050) .
Address is 3903(0xF3F),default value is 3539214(0x36010E) .
Address is 3904(0xF40),default value is 374341633(0x16500001) .
Address is 3905(0xF41),default value is 17791205(0x10F78E5) .
Address is 3906(0xF42),default value is 1952710710(0x74640036) .
Address is 3907(0xF43),default value is 196610(0x30002) .
Address is 3908(0xF44),default value is 5242881(0x500001) .
Address is 3909(0xF45),default value is 17379576(0x10930F8) .
Address is 3910(0xF46),default value is 65590(0x10036) .
Address is 3911(0xF47),default value is 955646032(0x38F60050) .
Address is 3912(0xF48),default value is 3539210(0x36010A) .
Address is 3913(0xF49),default value is 5242881(0x500001) .
Address is 3914(0xF4A),default value is 17512686(0x10B38EE) .
Address is 3915(0xF4B),default value is 65590(0x10036) .
Address is 3916(0xF4C),default value is 955252816(0x38F00050) .
Address is 3917(0xF4D),default value is 3539212(0x36010C) .
Address is 3918(0xF4E),default value is 5242881(0x500001) .
Address is 3919(0xF4F),default value is 17643755(0x10D38EB) .
Address is 3920(0xF50),default value is 65590(0x10036) .
Address is 3921(0xF51),default value is 954990672(0x38EC0050) .
Address is 3922(0xF52),default value is 3539214(0x36010E) .
Address is 3923(0xF53),default value is 374341633(0x16500001) .
Address is 3924(0xF54),default value is 17791203(0x10F78E3) .
Address is 3925(0xF55),default value is 1952710710(0x74640036) .
Address is 3926(0xF56),default value is 196610(0x30002) .
Address is 3927(0xF57),default value is 5242881(0x500001) .
Address is 3928(0xF58),default value is 17379574(0x10930F6) .
Address is 3929(0xF59),default value is 65590(0x10036) .
Address is 3930(0xF5A),default value is 955580496(0x38F50050) .
Address is 3931(0xF5B),default value is 3539210(0x36010A) .
Address is 3932(0xF5C),default value is 5242881(0x500001) .
Address is 3933(0xF5D),default value is 17512685(0x10B38ED) .
Address is 3934(0xF5E),default value is 65590(0x10036) .
Address is 3935(0xF5F),default value is 955121744(0x38EE0050) .
Address is 3936(0xF60),default value is 3539212(0x36010C) .
Address is 3937(0xF61),default value is 5242881(0x500001) .
Address is 3938(0xF62),default value is 17643754(0x10D38EA) .
Address is 3939(0xF63),default value is 65590(0x10036) .
Address is 3940(0xF64),default value is 954859600(0x38EA0050) .
Address is 3941(0xF65),default value is 3539214(0x36010E) .
Address is 3942(0xF66),default value is 374341633(0x16500001) .
Address is 3943(0xF67),default value is 17791201(0x10F78E1) .
Address is 3944(0xF68),default value is 1952710710(0x74640036) .
Address is 3945(0xF69),default value is 196610(0x30002) .
Address is 3946(0xF6A),default value is 5242881(0x500001) .
Address is 3947(0xF6B),default value is 17379573(0x10930F5) .
Address is 3948(0xF6C),default value is 65590(0x10036) .
Address is 3949(0xF6D),default value is 955449424(0x38F30050) .
Address is 3950(0xF6E),default value is 3539210(0x36010A) .
Address is 3951(0xF6F),default value is 5242881(0x500001) .
Address is 3952(0xF70),default value is 17512684(0x10B38EC) .
Address is 3953(0xF71),default value is 65590(0x10036) .
Address is 3954(0xF72),default value is 955056208(0x38ED0050) .
Address is 3955(0xF73),default value is 3539212(0x36010C) .
Address is 3956(0xF74),default value is 5242881(0x500001) .
Address is 3957(0xF75),default value is 17643752(0x10D38E8) .
Address is 3958(0xF76),default value is 65590(0x10036) .
Address is 3959(0xF77),default value is 954794064(0x38E90050) .
Address is 3960(0xF78),default value is 3539214(0x36010E) .
Address is 3961(0xF79),default value is 374341633(0x16500001) .
Address is 3962(0xF7A),default value is 17791200(0x10F78E0) .
Address is 3963(0xF7B),default value is 1952710710(0x74640036) .
Address is 3964(0xF7C),default value is 196610(0x30002) .
Address is 3965(0xF7D),default value is 5242881(0x500001) .
Address is 3966(0xF7E),default value is 17379574(0x10930F6) .
Address is 3967(0xF7F),default value is 65590(0x10036) .
Address is 3968(0xF80),default value is 955842640(0x38F90050) .
Address is 3969(0xF81),default value is 3539210(0x36010A) .
Address is 3970(0xF82),default value is 5242881(0x500001) .
Address is 3971(0xF83),default value is 17512696(0x10B38F8) .
Address is 3972(0xF84),default value is 65590(0x10036) .
Address is 3973(0xF85),default value is 955711568(0x38F70050) .
Address is 3974(0xF86),default value is 3539212(0x36010C) .
Address is 3975(0xF87),default value is 5242881(0x500001) .
Address is 3976(0xF88),default value is 17643768(0x10D38F8) .
Address is 3977(0xF89),default value is 65590(0x10036) .
Address is 3978(0xF8A),default value is 955646032(0x38F60050) .
Address is 3979(0xF8B),default value is 3539214(0x36010E) .
Address is 3980(0xF8C),default value is 374341633(0x16500001) .
Address is 3981(0xF8D),default value is 17791222(0x10F78F6) .
Address is 3982(0xF8E),default value is 1952710710(0x74640036) .
Address is 3983(0xF8F),default value is 196610(0x30002) .
Address is 3984(0xF90),default value is 5242881(0x500001) .
Address is 3985(0xF91),default value is 17379573(0x10930F5) .
Address is 3986(0xF92),default value is 65590(0x10036) .
Address is 3987(0xF93),default value is 955777104(0x38F80050) .
Address is 3988(0xF94),default value is 3539210(0x36010A) .
Address is 3989(0xF95),default value is 5242881(0x500001) .
Address is 3990(0xF96),default value is 17512695(0x10B38F7) .
Address is 3991(0xF97),default value is 65590(0x10036) .
Address is 3992(0xF98),default value is 955646032(0x38F60050) .
Address is 3993(0xF99),default value is 3539212(0x36010C) .
Address is 3994(0xF9A),default value is 5242881(0x500001) .
Address is 3995(0xF9B),default value is 17643766(0x10D38F6) .
Address is 3996(0xF9C),default value is 65590(0x10036) .
Address is 3997(0xF9D),default value is 955514960(0x38F40050) .
Address is 3998(0xF9E),default value is 3539214(0x36010E) .
Address is 3999(0xF9F),default value is 374341633(0x16500001) .
Address is 4000(0xFA0),default value is 17791220(0x10F78F4) .
Address is 4001(0xFA1),default value is 1952710710(0x74640036) .
Address is 4002(0xFA2),default value is 196610(0x30002) .
Address is 4003(0xFA3),default value is 5242881(0x500001) .
Address is 4004(0xFA4),default value is 17379328(0x1093000) .
Address is 4005(0xFA5),default value is 65590(0x10036) .
Address is 4006(0xFA6),default value is 939524176(0x38000050) .
Address is 4007(0xFA7),default value is 3539210(0x36010A) .
Address is 4008(0xFA8),default value is 5242881(0x500001) .
Address is 4009(0xFA9),default value is 17512448(0x10B3800) .
Address is 4010(0xFAA),default value is 65590(0x10036) .
Address is 4011(0xFAB),default value is 939524176(0x38000050) .
Address is 4012(0xFAC),default value is 3539212(0x36010C) .
Address is 4013(0xFAD),default value is 5242881(0x500001) .
Address is 4014(0xFAE),default value is 17643520(0x10D3800) .
Address is 4015(0xFAF),default value is 65590(0x10036) .
Address is 4016(0xFB0),default value is 939524176(0x38000050) .
Address is 4017(0xFB1),default value is 3539214(0x36010E) .
Address is 4018(0xFB2),default value is 5242881(0x500001) .
Address is 4019(0xFB3),default value is 17790976(0x10F7800) .
Address is 4020(0xFB4),default value is 983094(0xF0036) .



